
*** Running vivado
    with args -log blk_mem_gen_0.vds -m64 -product Vivado -mode batch -messageDb vivado.pb -notrace -source blk_mem_gen_0.tcl


****** Vivado v2017.4 (64-bit)
  **** SW Build 2086221 on Fri Dec 15 20:55:39 MST 2017
  **** IP Build 2085800 on Fri Dec 15 22:25:07 MST 2017
    ** Copyright 1986-2017 Xilinx, Inc. All Rights Reserved.

source blk_mem_gen_0.tcl -notrace
Command: synth_design -top blk_mem_gen_0 -part xc7a35tftg256-1 -mode out_of_context
Starting synth_design
Attempting to get a license for feature 'Synthesis' and/or device 'xc7a35t'
INFO: [Common 17-349] Got license for feature 'Synthesis' and/or device 'xc7a35t'
INFO: Launching helper process for spawning children vivado processes
INFO: Helper process launched with PID 1200 
---------------------------------------------------------------------------------
Starting RTL Elaboration : Time (s): cpu = 00:00:10 ; elapsed = 00:00:11 . Memory (MB): peak = 403.652 ; gain = 99.871
---------------------------------------------------------------------------------
INFO: [Synth 8-638] synthesizing module 'blk_mem_gen_0' [f:/FPGA/p_SYSTEM/p_SYSTEM.srcs/sources_1/ip/blk_mem_gen_0/synth/blk_mem_gen_0.vhd:72]
	Parameter C_FAMILY bound to: artix7 - type: string 
	Parameter C_XDEVICEFAMILY bound to: artix7 - type: string 
	Parameter C_ELABORATION_DIR bound to: ./ - type: string 
	Parameter C_INTERFACE_TYPE bound to: 0 - type: integer 
	Parameter C_AXI_TYPE bound to: 1 - type: integer 
	Parameter C_AXI_SLAVE_TYPE bound to: 0 - type: integer 
	Parameter C_USE_BRAM_BLOCK bound to: 0 - type: integer 
	Parameter C_ENABLE_32BIT_ADDRESS bound to: 0 - type: integer 
	Parameter C_CTRL_ECC_ALGO bound to: NONE - type: string 
	Parameter C_HAS_AXI_ID bound to: 0 - type: integer 
	Parameter C_AXI_ID_WIDTH bound to: 4 - type: integer 
	Parameter C_MEM_TYPE bound to: 0 - type: integer 
	Parameter C_BYTE_SIZE bound to: 9 - type: integer 
	Parameter C_ALGORITHM bound to: 1 - type: integer 
	Parameter C_PRIM_TYPE bound to: 1 - type: integer 
	Parameter C_LOAD_INIT_FILE bound to: 1 - type: integer 
	Parameter C_INIT_FILE_NAME bound to: blk_mem_gen_0.mif - type: string 
	Parameter C_INIT_FILE bound to: blk_mem_gen_0.mem - type: string 
	Parameter C_USE_DEFAULT_DATA bound to: 0 - type: integer 
	Parameter C_DEFAULT_DATA bound to: 0 - type: string 
	Parameter C_HAS_RSTA bound to: 1 - type: integer 
	Parameter C_RST_PRIORITY_A bound to: CE - type: string 
	Parameter C_RSTRAM_A bound to: 0 - type: integer 
	Parameter C_INITA_VAL bound to: 0 - type: string 
	Parameter C_HAS_ENA bound to: 1 - type: integer 
	Parameter C_HAS_REGCEA bound to: 0 - type: integer 
	Parameter C_USE_BYTE_WEA bound to: 0 - type: integer 
	Parameter C_WEA_WIDTH bound to: 1 - type: integer 
	Parameter C_WRITE_MODE_A bound to: READ_FIRST - type: string 
	Parameter C_WRITE_WIDTH_A bound to: 128 - type: integer 
	Parameter C_READ_WIDTH_A bound to: 128 - type: integer 
	Parameter C_WRITE_DEPTH_A bound to: 4000 - type: integer 
	Parameter C_READ_DEPTH_A bound to: 4000 - type: integer 
	Parameter C_ADDRA_WIDTH bound to: 12 - type: integer 
	Parameter C_HAS_RSTB bound to: 0 - type: integer 
	Parameter C_RST_PRIORITY_B bound to: CE - type: string 
	Parameter C_RSTRAM_B bound to: 0 - type: integer 
	Parameter C_INITB_VAL bound to: 0 - type: string 
	Parameter C_HAS_ENB bound to: 0 - type: integer 
	Parameter C_HAS_REGCEB bound to: 0 - type: integer 
	Parameter C_USE_BYTE_WEB bound to: 0 - type: integer 
	Parameter C_WEB_WIDTH bound to: 1 - type: integer 
	Parameter C_WRITE_MODE_B bound to: WRITE_FIRST - type: string 
	Parameter C_WRITE_WIDTH_B bound to: 128 - type: integer 
	Parameter C_READ_WIDTH_B bound to: 128 - type: integer 
	Parameter C_WRITE_DEPTH_B bound to: 4000 - type: integer 
	Parameter C_READ_DEPTH_B bound to: 4000 - type: integer 
	Parameter C_ADDRB_WIDTH bound to: 12 - type: integer 
	Parameter C_HAS_MEM_OUTPUT_REGS_A bound to: 1 - type: integer 
	Parameter C_HAS_MEM_OUTPUT_REGS_B bound to: 0 - type: integer 
	Parameter C_HAS_MUX_OUTPUT_REGS_A bound to: 0 - type: integer 
	Parameter C_HAS_MUX_OUTPUT_REGS_B bound to: 0 - type: integer 
	Parameter C_MUX_PIPELINE_STAGES bound to: 0 - type: integer 
	Parameter C_HAS_SOFTECC_INPUT_REGS_A bound to: 0 - type: integer 
	Parameter C_HAS_SOFTECC_OUTPUT_REGS_B bound to: 0 - type: integer 
	Parameter C_USE_SOFTECC bound to: 0 - type: integer 
	Parameter C_USE_ECC bound to: 0 - type: integer 
	Parameter C_EN_ECC_PIPE bound to: 0 - type: integer 
	Parameter C_HAS_INJECTERR bound to: 0 - type: integer 
	Parameter C_SIM_COLLISION_CHECK bound to: ALL - type: string 
	Parameter C_COMMON_CLK bound to: 0 - type: integer 
	Parameter C_DISABLE_WARN_BHV_COLL bound to: 0 - type: integer 
	Parameter C_EN_SLEEP_PIN bound to: 0 - type: integer 
	Parameter C_USE_URAM bound to: 0 - type: integer 
	Parameter C_EN_RDADDRA_CHG bound to: 0 - type: integer 
	Parameter C_EN_RDADDRB_CHG bound to: 0 - type: integer 
	Parameter C_EN_DEEPSLEEP_PIN bound to: 0 - type: integer 
	Parameter C_EN_SHUTDOWN_PIN bound to: 0 - type: integer 
	Parameter C_EN_SAFETY_CKT bound to: 1 - type: integer 
	Parameter C_DISABLE_WARN_BHV_RANGE bound to: 0 - type: integer 
	Parameter C_COUNT_36K_BRAM bound to: 14 - type: string 
	Parameter C_COUNT_18K_BRAM bound to: 1 - type: string 
	Parameter C_EST_POWER_SUMMARY bound to: Estimated Power for IP     :     39.746452 mW - type: string 
INFO: [Synth 8-3491] module 'blk_mem_gen_v8_4_1' declared at 'f:/FPGA/p_SYSTEM/p_SYSTEM.srcs/sources_1/ip/blk_mem_gen_0/hdl/blk_mem_gen_v8_4_vhsyn_rfs.vhd:195313' bound to instance 'U0' of component 'blk_mem_gen_v8_4_1' [f:/FPGA/p_SYSTEM/p_SYSTEM.srcs/sources_1/ip/blk_mem_gen_0/synth/blk_mem_gen_0.vhd:237]
INFO: [Synth 8-256] done synthesizing module 'blk_mem_gen_0' (9#1) [f:/FPGA/p_SYSTEM/p_SYSTEM.srcs/sources_1/ip/blk_mem_gen_0/synth/blk_mem_gen_0.vhd:72]
WARNING: [Synth 8-3331] design blk_mem_gen_prim_wrapper_init__parameterized13 has unconnected port SSRA
WARNING: [Synth 8-3331] design blk_mem_gen_prim_wrapper_init__parameterized13 has unconnected port CLKB
WARNING: [Synth 8-3331] design blk_mem_gen_prim_wrapper_init__parameterized13 has unconnected port SSRB
WARNING: [Synth 8-3331] design blk_mem_gen_prim_wrapper_init__parameterized13 has unconnected port ENB
WARNING: [Synth 8-3331] design blk_mem_gen_prim_wrapper_init__parameterized13 has unconnected port REGCEB
WARNING: [Synth 8-3331] design blk_mem_gen_prim_wrapper_init__parameterized13 has unconnected port WEB[0]
WARNING: [Synth 8-3331] design blk_mem_gen_prim_wrapper_init__parameterized13 has unconnected port ADDRB[11]
WARNING: [Synth 8-3331] design blk_mem_gen_prim_wrapper_init__parameterized13 has unconnected port ADDRB[10]
WARNING: [Synth 8-3331] design blk_mem_gen_prim_wrapper_init__parameterized13 has unconnected port ADDRB[9]
WARNING: [Synth 8-3331] design blk_mem_gen_prim_wrapper_init__parameterized13 has unconnected port ADDRB[8]
WARNING: [Synth 8-3331] design blk_mem_gen_prim_wrapper_init__parameterized13 has unconnected port ADDRB[7]
WARNING: [Synth 8-3331] design blk_mem_gen_prim_wrapper_init__parameterized13 has unconnected port ADDRB[6]
WARNING: [Synth 8-3331] design blk_mem_gen_prim_wrapper_init__parameterized13 has unconnected port ADDRB[5]
WARNING: [Synth 8-3331] design blk_mem_gen_prim_wrapper_init__parameterized13 has unconnected port ADDRB[4]
WARNING: [Synth 8-3331] design blk_mem_gen_prim_wrapper_init__parameterized13 has unconnected port ADDRB[3]
WARNING: [Synth 8-3331] design blk_mem_gen_prim_wrapper_init__parameterized13 has unconnected port ADDRB[2]
WARNING: [Synth 8-3331] design blk_mem_gen_prim_wrapper_init__parameterized13 has unconnected port ADDRB[1]
WARNING: [Synth 8-3331] design blk_mem_gen_prim_wrapper_init__parameterized13 has unconnected port ADDRB[0]
WARNING: [Synth 8-3331] design blk_mem_gen_prim_wrapper_init__parameterized13 has unconnected port DINB[8]
WARNING: [Synth 8-3331] design blk_mem_gen_prim_wrapper_init__parameterized13 has unconnected port DINB[7]
WARNING: [Synth 8-3331] design blk_mem_gen_prim_wrapper_init__parameterized13 has unconnected port DINB[6]
WARNING: [Synth 8-3331] design blk_mem_gen_prim_wrapper_init__parameterized13 has unconnected port DINB[5]
WARNING: [Synth 8-3331] design blk_mem_gen_prim_wrapper_init__parameterized13 has unconnected port DINB[4]
WARNING: [Synth 8-3331] design blk_mem_gen_prim_wrapper_init__parameterized13 has unconnected port DINB[3]
WARNING: [Synth 8-3331] design blk_mem_gen_prim_wrapper_init__parameterized13 has unconnected port DINB[2]
WARNING: [Synth 8-3331] design blk_mem_gen_prim_wrapper_init__parameterized13 has unconnected port DINB[1]
WARNING: [Synth 8-3331] design blk_mem_gen_prim_wrapper_init__parameterized13 has unconnected port DINB[0]
WARNING: [Synth 8-3331] design blk_mem_gen_prim_wrapper_init__parameterized13 has unconnected port SLEEP
WARNING: [Synth 8-3331] design blk_mem_gen_prim_wrapper_init__parameterized13 has unconnected port INJECTSBITERR
WARNING: [Synth 8-3331] design blk_mem_gen_prim_wrapper_init__parameterized13 has unconnected port INJECTDBITERR
WARNING: [Synth 8-3331] design blk_mem_gen_prim_wrapper_init__parameterized13 has unconnected port ECCPIPECE
WARNING: [Synth 8-3331] design blk_mem_gen_prim_wrapper_init__parameterized13 has unconnected port ram_rstram_b
WARNING: [Synth 8-3331] design blk_mem_gen_prim_wrapper_init__parameterized13 has unconnected port ram_rstreg_b
WARNING: [Synth 8-3331] design blk_mem_gen_prim_wrapper_init__parameterized12 has unconnected port SSRA
WARNING: [Synth 8-3331] design blk_mem_gen_prim_wrapper_init__parameterized12 has unconnected port CLKB
WARNING: [Synth 8-3331] design blk_mem_gen_prim_wrapper_init__parameterized12 has unconnected port SSRB
WARNING: [Synth 8-3331] design blk_mem_gen_prim_wrapper_init__parameterized12 has unconnected port ENB
WARNING: [Synth 8-3331] design blk_mem_gen_prim_wrapper_init__parameterized12 has unconnected port REGCEB
WARNING: [Synth 8-3331] design blk_mem_gen_prim_wrapper_init__parameterized12 has unconnected port WEB[0]
WARNING: [Synth 8-3331] design blk_mem_gen_prim_wrapper_init__parameterized12 has unconnected port ADDRB[11]
WARNING: [Synth 8-3331] design blk_mem_gen_prim_wrapper_init__parameterized12 has unconnected port ADDRB[10]
WARNING: [Synth 8-3331] design blk_mem_gen_prim_wrapper_init__parameterized12 has unconnected port ADDRB[9]
WARNING: [Synth 8-3331] design blk_mem_gen_prim_wrapper_init__parameterized12 has unconnected port ADDRB[8]
WARNING: [Synth 8-3331] design blk_mem_gen_prim_wrapper_init__parameterized12 has unconnected port ADDRB[7]
WARNING: [Synth 8-3331] design blk_mem_gen_prim_wrapper_init__parameterized12 has unconnected port ADDRB[6]
WARNING: [Synth 8-3331] design blk_mem_gen_prim_wrapper_init__parameterized12 has unconnected port ADDRB[5]
WARNING: [Synth 8-3331] design blk_mem_gen_prim_wrapper_init__parameterized12 has unconnected port ADDRB[4]
WARNING: [Synth 8-3331] design blk_mem_gen_prim_wrapper_init__parameterized12 has unconnected port ADDRB[3]
WARNING: [Synth 8-3331] design blk_mem_gen_prim_wrapper_init__parameterized12 has unconnected port ADDRB[2]
WARNING: [Synth 8-3331] design blk_mem_gen_prim_wrapper_init__parameterized12 has unconnected port ADDRB[1]
WARNING: [Synth 8-3331] design blk_mem_gen_prim_wrapper_init__parameterized12 has unconnected port ADDRB[0]
WARNING: [Synth 8-3331] design blk_mem_gen_prim_wrapper_init__parameterized12 has unconnected port DINB[8]
WARNING: [Synth 8-3331] design blk_mem_gen_prim_wrapper_init__parameterized12 has unconnected port DINB[7]
WARNING: [Synth 8-3331] design blk_mem_gen_prim_wrapper_init__parameterized12 has unconnected port DINB[6]
WARNING: [Synth 8-3331] design blk_mem_gen_prim_wrapper_init__parameterized12 has unconnected port DINB[5]
WARNING: [Synth 8-3331] design blk_mem_gen_prim_wrapper_init__parameterized12 has unconnected port DINB[4]
WARNING: [Synth 8-3331] design blk_mem_gen_prim_wrapper_init__parameterized12 has unconnected port DINB[3]
WARNING: [Synth 8-3331] design blk_mem_gen_prim_wrapper_init__parameterized12 has unconnected port DINB[2]
WARNING: [Synth 8-3331] design blk_mem_gen_prim_wrapper_init__parameterized12 has unconnected port DINB[1]
WARNING: [Synth 8-3331] design blk_mem_gen_prim_wrapper_init__parameterized12 has unconnected port DINB[0]
WARNING: [Synth 8-3331] design blk_mem_gen_prim_wrapper_init__parameterized12 has unconnected port SLEEP
WARNING: [Synth 8-3331] design blk_mem_gen_prim_wrapper_init__parameterized12 has unconnected port INJECTSBITERR
WARNING: [Synth 8-3331] design blk_mem_gen_prim_wrapper_init__parameterized12 has unconnected port INJECTDBITERR
WARNING: [Synth 8-3331] design blk_mem_gen_prim_wrapper_init__parameterized12 has unconnected port ECCPIPECE
WARNING: [Synth 8-3331] design blk_mem_gen_prim_wrapper_init__parameterized12 has unconnected port ram_rstram_b
WARNING: [Synth 8-3331] design blk_mem_gen_prim_wrapper_init__parameterized12 has unconnected port ram_rstreg_b
WARNING: [Synth 8-3331] design blk_mem_gen_prim_wrapper_init__parameterized11 has unconnected port SSRA
WARNING: [Synth 8-3331] design blk_mem_gen_prim_wrapper_init__parameterized11 has unconnected port CLKB
WARNING: [Synth 8-3331] design blk_mem_gen_prim_wrapper_init__parameterized11 has unconnected port SSRB
WARNING: [Synth 8-3331] design blk_mem_gen_prim_wrapper_init__parameterized11 has unconnected port ENB
WARNING: [Synth 8-3331] design blk_mem_gen_prim_wrapper_init__parameterized11 has unconnected port REGCEB
WARNING: [Synth 8-3331] design blk_mem_gen_prim_wrapper_init__parameterized11 has unconnected port WEB[0]
WARNING: [Synth 8-3331] design blk_mem_gen_prim_wrapper_init__parameterized11 has unconnected port ADDRB[11]
WARNING: [Synth 8-3331] design blk_mem_gen_prim_wrapper_init__parameterized11 has unconnected port ADDRB[10]
WARNING: [Synth 8-3331] design blk_mem_gen_prim_wrapper_init__parameterized11 has unconnected port ADDRB[9]
WARNING: [Synth 8-3331] design blk_mem_gen_prim_wrapper_init__parameterized11 has unconnected port ADDRB[8]
WARNING: [Synth 8-3331] design blk_mem_gen_prim_wrapper_init__parameterized11 has unconnected port ADDRB[7]
WARNING: [Synth 8-3331] design blk_mem_gen_prim_wrapper_init__parameterized11 has unconnected port ADDRB[6]
WARNING: [Synth 8-3331] design blk_mem_gen_prim_wrapper_init__parameterized11 has unconnected port ADDRB[5]
WARNING: [Synth 8-3331] design blk_mem_gen_prim_wrapper_init__parameterized11 has unconnected port ADDRB[4]
WARNING: [Synth 8-3331] design blk_mem_gen_prim_wrapper_init__parameterized11 has unconnected port ADDRB[3]
WARNING: [Synth 8-3331] design blk_mem_gen_prim_wrapper_init__parameterized11 has unconnected port ADDRB[2]
WARNING: [Synth 8-3331] design blk_mem_gen_prim_wrapper_init__parameterized11 has unconnected port ADDRB[1]
WARNING: [Synth 8-3331] design blk_mem_gen_prim_wrapper_init__parameterized11 has unconnected port ADDRB[0]
WARNING: [Synth 8-3331] design blk_mem_gen_prim_wrapper_init__parameterized11 has unconnected port DINB[8]
WARNING: [Synth 8-3331] design blk_mem_gen_prim_wrapper_init__parameterized11 has unconnected port DINB[7]
WARNING: [Synth 8-3331] design blk_mem_gen_prim_wrapper_init__parameterized11 has unconnected port DINB[6]
WARNING: [Synth 8-3331] design blk_mem_gen_prim_wrapper_init__parameterized11 has unconnected port DINB[5]
WARNING: [Synth 8-3331] design blk_mem_gen_prim_wrapper_init__parameterized11 has unconnected port DINB[4]
WARNING: [Synth 8-3331] design blk_mem_gen_prim_wrapper_init__parameterized11 has unconnected port DINB[3]
WARNING: [Synth 8-3331] design blk_mem_gen_prim_wrapper_init__parameterized11 has unconnected port DINB[2]
WARNING: [Synth 8-3331] design blk_mem_gen_prim_wrapper_init__parameterized11 has unconnected port DINB[1]
WARNING: [Synth 8-3331] design blk_mem_gen_prim_wrapper_init__parameterized11 has unconnected port DINB[0]
WARNING: [Synth 8-3331] design blk_mem_gen_prim_wrapper_init__parameterized11 has unconnected port SLEEP
WARNING: [Synth 8-3331] design blk_mem_gen_prim_wrapper_init__parameterized11 has unconnected port INJECTSBITERR
WARNING: [Synth 8-3331] design blk_mem_gen_prim_wrapper_init__parameterized11 has unconnected port INJECTDBITERR
WARNING: [Synth 8-3331] design blk_mem_gen_prim_wrapper_init__parameterized11 has unconnected port ECCPIPECE
WARNING: [Synth 8-3331] design blk_mem_gen_prim_wrapper_init__parameterized11 has unconnected port ram_rstram_b
WARNING: [Synth 8-3331] design blk_mem_gen_prim_wrapper_init__parameterized11 has unconnected port ram_rstreg_b
WARNING: [Synth 8-3331] design blk_mem_gen_prim_wrapper_init__parameterized10 has unconnected port SSRA
INFO: [Common 17-14] Message 'Synth 8-3331' appears 100 times and further instances of the messages will be disabled. Use the Tcl command set_msg_config to change the current settings.
---------------------------------------------------------------------------------
Finished RTL Elaboration : Time (s): cpu = 00:02:12 ; elapsed = 00:02:16 . Memory (MB): peak = 701.828 ; gain = 398.047
---------------------------------------------------------------------------------

Report Check Netlist: 
+------+------------------+-------+---------+-------+------------------+
|      |Item              |Errors |Warnings |Status |Description       |
+------+------------------+-------+---------+-------+------------------+
|1     |multi_driven_nets |      0|        0|Passed |Multi driven nets |
+------+------------------+-------+---------+-------+------------------+
---------------------------------------------------------------------------------
Finished RTL Optimization Phase 1 : Time (s): cpu = 00:02:12 ; elapsed = 00:02:16 . Memory (MB): peak = 701.828 ; gain = 398.047
---------------------------------------------------------------------------------
INFO: [Netlist 29-17] Analyzing 15 Unisim elements for replacement
INFO: [Netlist 29-28] Unisim Transformation completed in 0 CPU seconds
INFO: [Device 21-403] Loading part xc7a35tftg256-1
INFO: [Project 1-570] Preparing netlist for logic optimization

Processing XDC Constraints
Initializing timing engine
Parsing XDC File [f:/FPGA/p_SYSTEM/p_SYSTEM.srcs/sources_1/ip/blk_mem_gen_0/blk_mem_gen_0_ooc.xdc] for cell 'U0'
Finished Parsing XDC File [f:/FPGA/p_SYSTEM/p_SYSTEM.srcs/sources_1/ip/blk_mem_gen_0/blk_mem_gen_0_ooc.xdc] for cell 'U0'
Parsing XDC File [F:/FPGA/p_SYSTEM/p_SYSTEM.runs/blk_mem_gen_0_synth_1/dont_touch.xdc]
Finished Parsing XDC File [F:/FPGA/p_SYSTEM/p_SYSTEM.runs/blk_mem_gen_0_synth_1/dont_touch.xdc]
Completed Processing XDC Constraints

INFO: [Project 1-111] Unisim Transformation Summary:
No Unisim elements were transformed.

Constraint Validation Runtime : Time (s): cpu = 00:00:00 ; elapsed = 00:00:00.116 . Memory (MB): peak = 814.367 ; gain = 0.004
---------------------------------------------------------------------------------
Finished Constraint Validation : Time (s): cpu = 00:02:29 ; elapsed = 00:02:34 . Memory (MB): peak = 814.367 ; gain = 510.586
---------------------------------------------------------------------------------
---------------------------------------------------------------------------------
Start Loading Part and Timing Information
---------------------------------------------------------------------------------
Loading part: xc7a35tftg256-1
---------------------------------------------------------------------------------
Finished Loading Part and Timing Information : Time (s): cpu = 00:02:29 ; elapsed = 00:02:35 . Memory (MB): peak = 814.367 ; gain = 510.586
---------------------------------------------------------------------------------
---------------------------------------------------------------------------------
Start Applying 'set_property' XDC Constraints
---------------------------------------------------------------------------------
Applied set_property DONT_TOUCH = true for U0. (constraint file  F:/FPGA/p_SYSTEM/p_SYSTEM.runs/blk_mem_gen_0_synth_1/dont_touch.xdc, line 9).
---------------------------------------------------------------------------------
Finished applying 'set_property' XDC Constraints : Time (s): cpu = 00:02:29 ; elapsed = 00:02:35 . Memory (MB): peak = 814.367 ; gain = 510.586
---------------------------------------------------------------------------------
---------------------------------------------------------------------------------
Finished RTL Optimization Phase 2 : Time (s): cpu = 00:02:30 ; elapsed = 00:02:35 . Memory (MB): peak = 814.367 ; gain = 510.586
---------------------------------------------------------------------------------

Report RTL Partitions: 
+-+--------------+------------+----------+
| |RTL Partition |Replication |Instances |
+-+--------------+------------+----------+
+-+--------------+------------+----------+
---------------------------------------------------------------------------------
Start RTL Component Statistics 
---------------------------------------------------------------------------------
Detailed RTL Component Info : 
+---XORs : 
	   2 Input      1 Bit         XORs := 15    
+---Registers : 
	                5 Bit    Registers := 15    
	                1 Bit    Registers := 90    
---------------------------------------------------------------------------------
Finished RTL Component Statistics 
---------------------------------------------------------------------------------
---------------------------------------------------------------------------------
Start RTL Hierarchical Component Statistics 
---------------------------------------------------------------------------------
Hierarchical RTL Component report 
Module blk_mem_gen_prim_width 
Detailed RTL Component Info : 
+---XORs : 
	   2 Input      1 Bit         XORs := 1     
+---Registers : 
	                5 Bit    Registers := 1     
	                1 Bit    Registers := 6     
Module blk_mem_gen_prim_width__parameterized0 
Detailed RTL Component Info : 
+---XORs : 
	   2 Input      1 Bit         XORs := 1     
+---Registers : 
	                5 Bit    Registers := 1     
	                1 Bit    Registers := 6     
Module blk_mem_gen_prim_width__parameterized1 
Detailed RTL Component Info : 
+---XORs : 
	   2 Input      1 Bit         XORs := 1     
+---Registers : 
	                5 Bit    Registers := 1     
	                1 Bit    Registers := 6     
Module blk_mem_gen_prim_width__parameterized2 
Detailed RTL Component Info : 
+---XORs : 
	   2 Input      1 Bit         XORs := 1     
+---Registers : 
	                5 Bit    Registers := 1     
	                1 Bit    Registers := 6     
Module blk_mem_gen_prim_width__parameterized3 
Detailed RTL Component Info : 
+---XORs : 
	   2 Input      1 Bit         XORs := 1     
+---Registers : 
	                5 Bit    Registers := 1     
	                1 Bit    Registers := 6     
Module blk_mem_gen_prim_width__parameterized4 
Detailed RTL Component Info : 
+---XORs : 
	   2 Input      1 Bit         XORs := 1     
+---Registers : 
	                5 Bit    Registers := 1     
	                1 Bit    Registers := 6     
Module blk_mem_gen_prim_width__parameterized5 
Detailed RTL Component Info : 
+---XORs : 
	   2 Input      1 Bit         XORs := 1     
+---Registers : 
	                5 Bit    Registers := 1     
	                1 Bit    Registers := 6     
Module blk_mem_gen_prim_width__parameterized6 
Detailed RTL Component Info : 
+---XORs : 
	   2 Input      1 Bit         XORs := 1     
+---Registers : 
	                5 Bit    Registers := 1     
	                1 Bit    Registers := 6     
Module blk_mem_gen_prim_width__parameterized7 
Detailed RTL Component Info : 
+---XORs : 
	   2 Input      1 Bit         XORs := 1     
+---Registers : 
	                5 Bit    Registers := 1     
	                1 Bit    Registers := 6     
Module blk_mem_gen_prim_width__parameterized8 
Detailed RTL Component Info : 
+---XORs : 
	   2 Input      1 Bit         XORs := 1     
+---Registers : 
	                5 Bit    Registers := 1     
	                1 Bit    Registers := 6     
Module blk_mem_gen_prim_width__parameterized9 
Detailed RTL Component Info : 
+---XORs : 
	   2 Input      1 Bit         XORs := 1     
+---Registers : 
	                5 Bit    Registers := 1     
	                1 Bit    Registers := 6     
Module blk_mem_gen_prim_width__parameterized10 
Detailed RTL Component Info : 
+---XORs : 
	   2 Input      1 Bit         XORs := 1     
+---Registers : 
	                5 Bit    Registers := 1     
	                1 Bit    Registers := 6     
Module blk_mem_gen_prim_width__parameterized11 
Detailed RTL Component Info : 
+---XORs : 
	   2 Input      1 Bit         XORs := 1     
+---Registers : 
	                5 Bit    Registers := 1     
	                1 Bit    Registers := 6     
Module blk_mem_gen_prim_width__parameterized12 
Detailed RTL Component Info : 
+---XORs : 
	   2 Input      1 Bit         XORs := 1     
+---Registers : 
	                5 Bit    Registers := 1     
	                1 Bit    Registers := 6     
Module blk_mem_gen_prim_width__parameterized13 
Detailed RTL Component Info : 
+---XORs : 
	   2 Input      1 Bit         XORs := 1     
+---Registers : 
	                5 Bit    Registers := 1     
	                1 Bit    Registers := 6     
---------------------------------------------------------------------------------
Finished RTL Hierarchical Component Statistics
---------------------------------------------------------------------------------
---------------------------------------------------------------------------------
Start Part Resource Summary
---------------------------------------------------------------------------------
Part Resources:
DSPs: 90 (col length:60)
BRAMs: 100 (col length: RAMB18 60 RAMB36 30)
---------------------------------------------------------------------------------
Finished Part Resource Summary
---------------------------------------------------------------------------------
---------------------------------------------------------------------------------
Start Cross Boundary and Area Optimization
---------------------------------------------------------------------------------
INFO: [Synth 8-3332] Sequential element (inst_blk_mem_gen/gnbram.gnativebmg.native_blk_mem_gen/valid.cstr/ramloop[0].ram.r/SAFETY_CKT_GEN.ENB_NO_REG.ENB_dly_D_reg) is unused and will be removed from module blk_mem_gen_v8_4_1.
INFO: [Synth 8-3332] Sequential element (inst_blk_mem_gen/gnbram.gnativebmg.native_blk_mem_gen/valid.cstr/ramloop[1].ram.r/SAFETY_CKT_GEN.ENB_NO_REG.ENB_dly_D_reg) is unused and will be removed from module blk_mem_gen_v8_4_1.
INFO: [Synth 8-3332] Sequential element (inst_blk_mem_gen/gnbram.gnativebmg.native_blk_mem_gen/valid.cstr/ramloop[2].ram.r/SAFETY_CKT_GEN.ENB_NO_REG.ENB_dly_D_reg) is unused and will be removed from module blk_mem_gen_v8_4_1.
INFO: [Synth 8-3332] Sequential element (inst_blk_mem_gen/gnbram.gnativebmg.native_blk_mem_gen/valid.cstr/ramloop[3].ram.r/SAFETY_CKT_GEN.ENB_NO_REG.ENB_dly_D_reg) is unused and will be removed from module blk_mem_gen_v8_4_1.
INFO: [Synth 8-3332] Sequential element (inst_blk_mem_gen/gnbram.gnativebmg.native_blk_mem_gen/valid.cstr/ramloop[4].ram.r/SAFETY_CKT_GEN.ENB_NO_REG.ENB_dly_D_reg) is unused and will be removed from module blk_mem_gen_v8_4_1.
INFO: [Synth 8-3332] Sequential element (inst_blk_mem_gen/gnbram.gnativebmg.native_blk_mem_gen/valid.cstr/ramloop[5].ram.r/SAFETY_CKT_GEN.ENB_NO_REG.ENB_dly_D_reg) is unused and will be removed from module blk_mem_gen_v8_4_1.
INFO: [Synth 8-3332] Sequential element (inst_blk_mem_gen/gnbram.gnativebmg.native_blk_mem_gen/valid.cstr/ramloop[6].ram.r/SAFETY_CKT_GEN.ENB_NO_REG.ENB_dly_D_reg) is unused and will be removed from module blk_mem_gen_v8_4_1.
INFO: [Synth 8-3332] Sequential element (inst_blk_mem_gen/gnbram.gnativebmg.native_blk_mem_gen/valid.cstr/ramloop[7].ram.r/SAFETY_CKT_GEN.ENB_NO_REG.ENB_dly_D_reg) is unused and will be removed from module blk_mem_gen_v8_4_1.
INFO: [Synth 8-3332] Sequential element (inst_blk_mem_gen/gnbram.gnativebmg.native_blk_mem_gen/valid.cstr/ramloop[8].ram.r/SAFETY_CKT_GEN.ENB_NO_REG.ENB_dly_D_reg) is unused and will be removed from module blk_mem_gen_v8_4_1.
INFO: [Synth 8-3332] Sequential element (inst_blk_mem_gen/gnbram.gnativebmg.native_blk_mem_gen/valid.cstr/ramloop[9].ram.r/SAFETY_CKT_GEN.ENB_NO_REG.ENB_dly_D_reg) is unused and will be removed from module blk_mem_gen_v8_4_1.
INFO: [Synth 8-3332] Sequential element (inst_blk_mem_gen/gnbram.gnativebmg.native_blk_mem_gen/valid.cstr/ramloop[10].ram.r/SAFETY_CKT_GEN.ENB_NO_REG.ENB_dly_D_reg) is unused and will be removed from module blk_mem_gen_v8_4_1.
INFO: [Synth 8-3332] Sequential element (inst_blk_mem_gen/gnbram.gnativebmg.native_blk_mem_gen/valid.cstr/ramloop[11].ram.r/SAFETY_CKT_GEN.ENB_NO_REG.ENB_dly_D_reg) is unused and will be removed from module blk_mem_gen_v8_4_1.
INFO: [Synth 8-3332] Sequential element (inst_blk_mem_gen/gnbram.gnativebmg.native_blk_mem_gen/valid.cstr/ramloop[12].ram.r/SAFETY_CKT_GEN.ENB_NO_REG.ENB_dly_D_reg) is unused and will be removed from module blk_mem_gen_v8_4_1.
INFO: [Synth 8-3332] Sequential element (inst_blk_mem_gen/gnbram.gnativebmg.native_blk_mem_gen/valid.cstr/ramloop[13].ram.r/SAFETY_CKT_GEN.ENB_NO_REG.ENB_dly_D_reg) is unused and will be removed from module blk_mem_gen_v8_4_1.
INFO: [Synth 8-3332] Sequential element (inst_blk_mem_gen/gnbram.gnativebmg.native_blk_mem_gen/valid.cstr/ramloop[14].ram.r/SAFETY_CKT_GEN.ENB_NO_REG.ENB_dly_D_reg) is unused and will be removed from module blk_mem_gen_v8_4_1.
INFO: [Synth 8-3332] Sequential element (inst_blk_mem_gen/gnbram.gnativebmg.native_blk_mem_gen/valid.cstr/ramloop[0].ram.r/SAFETY_CKT_GEN.ENB_NO_REG.ENB_dly_reg) is unused and will be removed from module blk_mem_gen_v8_4_1.
INFO: [Synth 8-3332] Sequential element (inst_blk_mem_gen/gnbram.gnativebmg.native_blk_mem_gen/valid.cstr/ramloop[1].ram.r/SAFETY_CKT_GEN.ENB_NO_REG.ENB_dly_reg) is unused and will be removed from module blk_mem_gen_v8_4_1.
INFO: [Synth 8-3332] Sequential element (inst_blk_mem_gen/gnbram.gnativebmg.native_blk_mem_gen/valid.cstr/ramloop[2].ram.r/SAFETY_CKT_GEN.ENB_NO_REG.ENB_dly_reg) is unused and will be removed from module blk_mem_gen_v8_4_1.
INFO: [Synth 8-3332] Sequential element (inst_blk_mem_gen/gnbram.gnativebmg.native_blk_mem_gen/valid.cstr/ramloop[3].ram.r/SAFETY_CKT_GEN.ENB_NO_REG.ENB_dly_reg) is unused and will be removed from module blk_mem_gen_v8_4_1.
INFO: [Synth 8-3332] Sequential element (inst_blk_mem_gen/gnbram.gnativebmg.native_blk_mem_gen/valid.cstr/ramloop[4].ram.r/SAFETY_CKT_GEN.ENB_NO_REG.ENB_dly_reg) is unused and will be removed from module blk_mem_gen_v8_4_1.
INFO: [Synth 8-3332] Sequential element (inst_blk_mem_gen/gnbram.gnativebmg.native_blk_mem_gen/valid.cstr/ramloop[5].ram.r/SAFETY_CKT_GEN.ENB_NO_REG.ENB_dly_reg) is unused and will be removed from module blk_mem_gen_v8_4_1.
INFO: [Synth 8-3332] Sequential element (inst_blk_mem_gen/gnbram.gnativebmg.native_blk_mem_gen/valid.cstr/ramloop[6].ram.r/SAFETY_CKT_GEN.ENB_NO_REG.ENB_dly_reg) is unused and will be removed from module blk_mem_gen_v8_4_1.
INFO: [Synth 8-3332] Sequential element (inst_blk_mem_gen/gnbram.gnativebmg.native_blk_mem_gen/valid.cstr/ramloop[7].ram.r/SAFETY_CKT_GEN.ENB_NO_REG.ENB_dly_reg) is unused and will be removed from module blk_mem_gen_v8_4_1.
INFO: [Synth 8-3332] Sequential element (inst_blk_mem_gen/gnbram.gnativebmg.native_blk_mem_gen/valid.cstr/ramloop[8].ram.r/SAFETY_CKT_GEN.ENB_NO_REG.ENB_dly_reg) is unused and will be removed from module blk_mem_gen_v8_4_1.
INFO: [Synth 8-3332] Sequential element (inst_blk_mem_gen/gnbram.gnativebmg.native_blk_mem_gen/valid.cstr/ramloop[9].ram.r/SAFETY_CKT_GEN.ENB_NO_REG.ENB_dly_reg) is unused and will be removed from module blk_mem_gen_v8_4_1.
INFO: [Synth 8-3332] Sequential element (inst_blk_mem_gen/gnbram.gnativebmg.native_blk_mem_gen/valid.cstr/ramloop[10].ram.r/SAFETY_CKT_GEN.ENB_NO_REG.ENB_dly_reg) is unused and will be removed from module blk_mem_gen_v8_4_1.
INFO: [Synth 8-3332] Sequential element (inst_blk_mem_gen/gnbram.gnativebmg.native_blk_mem_gen/valid.cstr/ramloop[11].ram.r/SAFETY_CKT_GEN.ENB_NO_REG.ENB_dly_reg) is unused and will be removed from module blk_mem_gen_v8_4_1.
INFO: [Synth 8-3332] Sequential element (inst_blk_mem_gen/gnbram.gnativebmg.native_blk_mem_gen/valid.cstr/ramloop[12].ram.r/SAFETY_CKT_GEN.ENB_NO_REG.ENB_dly_reg) is unused and will be removed from module blk_mem_gen_v8_4_1.
INFO: [Synth 8-3332] Sequential element (inst_blk_mem_gen/gnbram.gnativebmg.native_blk_mem_gen/valid.cstr/ramloop[13].ram.r/SAFETY_CKT_GEN.ENB_NO_REG.ENB_dly_reg) is unused and will be removed from module blk_mem_gen_v8_4_1.
INFO: [Synth 8-3332] Sequential element (inst_blk_mem_gen/gnbram.gnativebmg.native_blk_mem_gen/valid.cstr/ramloop[14].ram.r/SAFETY_CKT_GEN.ENB_NO_REG.ENB_dly_reg) is unused and will be removed from module blk_mem_gen_v8_4_1.
INFO: [Synth 8-3886] merging instance 'U0/inst_blk_mem_gen/gnbram.gnativebmg.native_blk_mem_gen/valid.cstr/ramloop[0].ram.r/SAFETY_CKT_GEN.RSTA_SHFT_REG_reg[0]' (FDS) to 'U0/inst_blk_mem_gen/gnbram.gnativebmg.native_blk_mem_gen/valid.cstr/ramloop[1].ram.r/SAFETY_CKT_GEN.RSTA_SHFT_REG_reg[0]'
INFO: [Synth 8-3886] merging instance 'U0/inst_blk_mem_gen/gnbram.gnativebmg.native_blk_mem_gen/valid.cstr/ramloop[1].ram.r/SAFETY_CKT_GEN.RSTA_SHFT_REG_reg[0]' (FDS) to 'U0/inst_blk_mem_gen/gnbram.gnativebmg.native_blk_mem_gen/valid.cstr/ramloop[2].ram.r/SAFETY_CKT_GEN.RSTA_SHFT_REG_reg[0]'
INFO: [Synth 8-3886] merging instance 'U0/inst_blk_mem_gen/gnbram.gnativebmg.native_blk_mem_gen/valid.cstr/ramloop[2].ram.r/SAFETY_CKT_GEN.RSTA_SHFT_REG_reg[0]' (FDS) to 'U0/inst_blk_mem_gen/gnbram.gnativebmg.native_blk_mem_gen/valid.cstr/ramloop[3].ram.r/SAFETY_CKT_GEN.RSTA_SHFT_REG_reg[0]'
INFO: [Synth 8-3886] merging instance 'U0/inst_blk_mem_gen/gnbram.gnativebmg.native_blk_mem_gen/valid.cstr/ramloop[3].ram.r/SAFETY_CKT_GEN.RSTA_SHFT_REG_reg[0]' (FDS) to 'U0/inst_blk_mem_gen/gnbram.gnativebmg.native_blk_mem_gen/valid.cstr/ramloop[4].ram.r/SAFETY_CKT_GEN.RSTA_SHFT_REG_reg[0]'
INFO: [Synth 8-3886] merging instance 'U0/inst_blk_mem_gen/gnbram.gnativebmg.native_blk_mem_gen/valid.cstr/ramloop[4].ram.r/SAFETY_CKT_GEN.RSTA_SHFT_REG_reg[0]' (FDS) to 'U0/inst_blk_mem_gen/gnbram.gnativebmg.native_blk_mem_gen/valid.cstr/ramloop[5].ram.r/SAFETY_CKT_GEN.RSTA_SHFT_REG_reg[0]'
INFO: [Synth 8-3886] merging instance 'U0/inst_blk_mem_gen/gnbram.gnativebmg.native_blk_mem_gen/valid.cstr/ramloop[5].ram.r/SAFETY_CKT_GEN.RSTA_SHFT_REG_reg[0]' (FDS) to 'U0/inst_blk_mem_gen/gnbram.gnativebmg.native_blk_mem_gen/valid.cstr/ramloop[6].ram.r/SAFETY_CKT_GEN.RSTA_SHFT_REG_reg[0]'
INFO: [Synth 8-3886] merging instance 'U0/inst_blk_mem_gen/gnbram.gnativebmg.native_blk_mem_gen/valid.cstr/ramloop[6].ram.r/SAFETY_CKT_GEN.RSTA_SHFT_REG_reg[0]' (FDS) to 'U0/inst_blk_mem_gen/gnbram.gnativebmg.native_blk_mem_gen/valid.cstr/ramloop[7].ram.r/SAFETY_CKT_GEN.RSTA_SHFT_REG_reg[0]'
INFO: [Synth 8-3886] merging instance 'U0/inst_blk_mem_gen/gnbram.gnativebmg.native_blk_mem_gen/valid.cstr/ramloop[7].ram.r/SAFETY_CKT_GEN.RSTA_SHFT_REG_reg[0]' (FDS) to 'U0/inst_blk_mem_gen/gnbram.gnativebmg.native_blk_mem_gen/valid.cstr/ramloop[8].ram.r/SAFETY_CKT_GEN.RSTA_SHFT_REG_reg[0]'
INFO: [Synth 8-3886] merging instance 'U0/inst_blk_mem_gen/gnbram.gnativebmg.native_blk_mem_gen/valid.cstr/ramloop[8].ram.r/SAFETY_CKT_GEN.RSTA_SHFT_REG_reg[0]' (FDS) to 'U0/inst_blk_mem_gen/gnbram.gnativebmg.native_blk_mem_gen/valid.cstr/ramloop[9].ram.r/SAFETY_CKT_GEN.RSTA_SHFT_REG_reg[0]'
INFO: [Synth 8-3886] merging instance 'U0/inst_blk_mem_gen/gnbram.gnativebmg.native_blk_mem_gen/valid.cstr/ramloop[9].ram.r/SAFETY_CKT_GEN.RSTA_SHFT_REG_reg[0]' (FDS) to 'U0/inst_blk_mem_gen/gnbram.gnativebmg.native_blk_mem_gen/valid.cstr/ramloop[10].ram.r/SAFETY_CKT_GEN.RSTA_SHFT_REG_reg[0]'
INFO: [Synth 8-3886] merging instance 'U0/inst_blk_mem_gen/gnbram.gnativebmg.native_blk_mem_gen/valid.cstr/ramloop[10].ram.r/SAFETY_CKT_GEN.RSTA_SHFT_REG_reg[0]' (FDS) to 'U0/inst_blk_mem_gen/gnbram.gnativebmg.native_blk_mem_gen/valid.cstr/ramloop[11].ram.r/SAFETY_CKT_GEN.RSTA_SHFT_REG_reg[0]'
INFO: [Synth 8-3886] merging instance 'U0/inst_blk_mem_gen/gnbram.gnativebmg.native_blk_mem_gen/valid.cstr/ramloop[11].ram.r/SAFETY_CKT_GEN.RSTA_SHFT_REG_reg[0]' (FDS) to 'U0/inst_blk_mem_gen/gnbram.gnativebmg.native_blk_mem_gen/valid.cstr/ramloop[12].ram.r/SAFETY_CKT_GEN.RSTA_SHFT_REG_reg[0]'
INFO: [Synth 8-3886] merging instance 'U0/inst_blk_mem_gen/gnbram.gnativebmg.native_blk_mem_gen/valid.cstr/ramloop[12].ram.r/SAFETY_CKT_GEN.RSTA_SHFT_REG_reg[0]' (FDS) to 'U0/inst_blk_mem_gen/gnbram.gnativebmg.native_blk_mem_gen/valid.cstr/ramloop[13].ram.r/SAFETY_CKT_GEN.RSTA_SHFT_REG_reg[0]'
INFO: [Synth 8-3886] merging instance 'U0/inst_blk_mem_gen/gnbram.gnativebmg.native_blk_mem_gen/valid.cstr/ramloop[13].ram.r/SAFETY_CKT_GEN.RSTA_SHFT_REG_reg[0]' (FDS) to 'U0/inst_blk_mem_gen/gnbram.gnativebmg.native_blk_mem_gen/valid.cstr/ramloop[14].ram.r/SAFETY_CKT_GEN.RSTA_SHFT_REG_reg[0]'
INFO: [Synth 8-3886] merging instance 'U0/inst_blk_mem_gen/gnbram.gnativebmg.native_blk_mem_gen/valid.cstr/ramloop[0].ram.r/SAFETY_CKT_GEN.RSTA_SHFT_REG_reg[1]' (FD) to 'U0/inst_blk_mem_gen/gnbram.gnativebmg.native_blk_mem_gen/valid.cstr/ramloop[13].ram.r/SAFETY_CKT_GEN.RSTA_SHFT_REG_reg[1]'
INFO: [Synth 8-3886] merging instance 'U0/inst_blk_mem_gen/gnbram.gnativebmg.native_blk_mem_gen/valid.cstr/ramloop[1].ram.r/SAFETY_CKT_GEN.RSTA_SHFT_REG_reg[1]' (FD) to 'U0/inst_blk_mem_gen/gnbram.gnativebmg.native_blk_mem_gen/valid.cstr/ramloop[13].ram.r/SAFETY_CKT_GEN.RSTA_SHFT_REG_reg[1]'
INFO: [Synth 8-3886] merging instance 'U0/inst_blk_mem_gen/gnbram.gnativebmg.native_blk_mem_gen/valid.cstr/ramloop[2].ram.r/SAFETY_CKT_GEN.RSTA_SHFT_REG_reg[1]' (FD) to 'U0/inst_blk_mem_gen/gnbram.gnativebmg.native_blk_mem_gen/valid.cstr/ramloop[13].ram.r/SAFETY_CKT_GEN.RSTA_SHFT_REG_reg[1]'
INFO: [Synth 8-3886] merging instance 'U0/inst_blk_mem_gen/gnbram.gnativebmg.native_blk_mem_gen/valid.cstr/ramloop[3].ram.r/SAFETY_CKT_GEN.RSTA_SHFT_REG_reg[1]' (FD) to 'U0/inst_blk_mem_gen/gnbram.gnativebmg.native_blk_mem_gen/valid.cstr/ramloop[13].ram.r/SAFETY_CKT_GEN.RSTA_SHFT_REG_reg[1]'
INFO: [Synth 8-3886] merging instance 'U0/inst_blk_mem_gen/gnbram.gnativebmg.native_blk_mem_gen/valid.cstr/ramloop[4].ram.r/SAFETY_CKT_GEN.RSTA_SHFT_REG_reg[1]' (FD) to 'U0/inst_blk_mem_gen/gnbram.gnativebmg.native_blk_mem_gen/valid.cstr/ramloop[13].ram.r/SAFETY_CKT_GEN.RSTA_SHFT_REG_reg[1]'
INFO: [Synth 8-3886] merging instance 'U0/inst_blk_mem_gen/gnbram.gnativebmg.native_blk_mem_gen/valid.cstr/ramloop[5].ram.r/SAFETY_CKT_GEN.RSTA_SHFT_REG_reg[1]' (FD) to 'U0/inst_blk_mem_gen/gnbram.gnativebmg.native_blk_mem_gen/valid.cstr/ramloop[13].ram.r/SAFETY_CKT_GEN.RSTA_SHFT_REG_reg[1]'
INFO: [Synth 8-3886] merging instance 'U0/inst_blk_mem_gen/gnbram.gnativebmg.native_blk_mem_gen/valid.cstr/ramloop[6].ram.r/SAFETY_CKT_GEN.RSTA_SHFT_REG_reg[1]' (FD) to 'U0/inst_blk_mem_gen/gnbram.gnativebmg.native_blk_mem_gen/valid.cstr/ramloop[13].ram.r/SAFETY_CKT_GEN.RSTA_SHFT_REG_reg[1]'
INFO: [Synth 8-3886] merging instance 'U0/inst_blk_mem_gen/gnbram.gnativebmg.native_blk_mem_gen/valid.cstr/ramloop[7].ram.r/SAFETY_CKT_GEN.RSTA_SHFT_REG_reg[1]' (FD) to 'U0/inst_blk_mem_gen/gnbram.gnativebmg.native_blk_mem_gen/valid.cstr/ramloop[13].ram.r/SAFETY_CKT_GEN.RSTA_SHFT_REG_reg[1]'
INFO: [Synth 8-3886] merging instance 'U0/inst_blk_mem_gen/gnbram.gnativebmg.native_blk_mem_gen/valid.cstr/ramloop[8].ram.r/SAFETY_CKT_GEN.RSTA_SHFT_REG_reg[1]' (FD) to 'U0/inst_blk_mem_gen/gnbram.gnativebmg.native_blk_mem_gen/valid.cstr/ramloop[13].ram.r/SAFETY_CKT_GEN.RSTA_SHFT_REG_reg[1]'
INFO: [Synth 8-3886] merging instance 'U0/inst_blk_mem_gen/gnbram.gnativebmg.native_blk_mem_gen/valid.cstr/ramloop[9].ram.r/SAFETY_CKT_GEN.RSTA_SHFT_REG_reg[1]' (FD) to 'U0/inst_blk_mem_gen/gnbram.gnativebmg.native_blk_mem_gen/valid.cstr/ramloop[13].ram.r/SAFETY_CKT_GEN.RSTA_SHFT_REG_reg[1]'
INFO: [Synth 8-3886] merging instance 'U0/inst_blk_mem_gen/gnbram.gnativebmg.native_blk_mem_gen/valid.cstr/ramloop[10].ram.r/SAFETY_CKT_GEN.RSTA_SHFT_REG_reg[1]' (FD) to 'U0/inst_blk_mem_gen/gnbram.gnativebmg.native_blk_mem_gen/valid.cstr/ramloop[13].ram.r/SAFETY_CKT_GEN.RSTA_SHFT_REG_reg[1]'
INFO: [Synth 8-3886] merging instance 'U0/inst_blk_mem_gen/gnbram.gnativebmg.native_blk_mem_gen/valid.cstr/ramloop[11].ram.r/SAFETY_CKT_GEN.RSTA_SHFT_REG_reg[1]' (FD) to 'U0/inst_blk_mem_gen/gnbram.gnativebmg.native_blk_mem_gen/valid.cstr/ramloop[13].ram.r/SAFETY_CKT_GEN.RSTA_SHFT_REG_reg[1]'
INFO: [Synth 8-3886] merging instance 'U0/inst_blk_mem_gen/gnbram.gnativebmg.native_blk_mem_gen/valid.cstr/ramloop[12].ram.r/SAFETY_CKT_GEN.RSTA_SHFT_REG_reg[1]' (FD) to 'U0/inst_blk_mem_gen/gnbram.gnativebmg.native_blk_mem_gen/valid.cstr/ramloop[13].ram.r/SAFETY_CKT_GEN.RSTA_SHFT_REG_reg[1]'
INFO: [Synth 8-3886] merging instance 'U0/inst_blk_mem_gen/gnbram.gnativebmg.native_blk_mem_gen/valid.cstr/ramloop[13].ram.r/SAFETY_CKT_GEN.RSTA_SHFT_REG_reg[1]' (FD) to 'U0/inst_blk_mem_gen/gnbram.gnativebmg.native_blk_mem_gen/valid.cstr/ramloop[14].ram.r/SAFETY_CKT_GEN.RSTA_SHFT_REG_reg[1]'
INFO: [Synth 8-3886] merging instance 'U0/inst_blk_mem_gen/gnbram.gnativebmg.native_blk_mem_gen/valid.cstr/ramloop[0].ram.r/SAFETY_CKT_GEN.RSTA_SHFT_REG_reg[2]' (FD) to 'U0/inst_blk_mem_gen/gnbram.gnativebmg.native_blk_mem_gen/valid.cstr/ramloop[13].ram.r/SAFETY_CKT_GEN.RSTA_SHFT_REG_reg[2]'
INFO: [Synth 8-3886] merging instance 'U0/inst_blk_mem_gen/gnbram.gnativebmg.native_blk_mem_gen/valid.cstr/ramloop[1].ram.r/SAFETY_CKT_GEN.RSTA_SHFT_REG_reg[2]' (FD) to 'U0/inst_blk_mem_gen/gnbram.gnativebmg.native_blk_mem_gen/valid.cstr/ramloop[13].ram.r/SAFETY_CKT_GEN.RSTA_SHFT_REG_reg[2]'
INFO: [Synth 8-3886] merging instance 'U0/inst_blk_mem_gen/gnbram.gnativebmg.native_blk_mem_gen/valid.cstr/ramloop[2].ram.r/SAFETY_CKT_GEN.RSTA_SHFT_REG_reg[2]' (FD) to 'U0/inst_blk_mem_gen/gnbram.gnativebmg.native_blk_mem_gen/valid.cstr/ramloop[13].ram.r/SAFETY_CKT_GEN.RSTA_SHFT_REG_reg[2]'
INFO: [Synth 8-3886] merging instance 'U0/inst_blk_mem_gen/gnbram.gnativebmg.native_blk_mem_gen/valid.cstr/ramloop[3].ram.r/SAFETY_CKT_GEN.RSTA_SHFT_REG_reg[2]' (FD) to 'U0/inst_blk_mem_gen/gnbram.gnativebmg.native_blk_mem_gen/valid.cstr/ramloop[13].ram.r/SAFETY_CKT_GEN.RSTA_SHFT_REG_reg[2]'
INFO: [Synth 8-3886] merging instance 'U0/inst_blk_mem_gen/gnbram.gnativebmg.native_blk_mem_gen/valid.cstr/ramloop[4].ram.r/SAFETY_CKT_GEN.RSTA_SHFT_REG_reg[2]' (FD) to 'U0/inst_blk_mem_gen/gnbram.gnativebmg.native_blk_mem_gen/valid.cstr/ramloop[13].ram.r/SAFETY_CKT_GEN.RSTA_SHFT_REG_reg[2]'
INFO: [Synth 8-3886] merging instance 'U0/inst_blk_mem_gen/gnbram.gnativebmg.native_blk_mem_gen/valid.cstr/ramloop[5].ram.r/SAFETY_CKT_GEN.RSTA_SHFT_REG_reg[2]' (FD) to 'U0/inst_blk_mem_gen/gnbram.gnativebmg.native_blk_mem_gen/valid.cstr/ramloop[13].ram.r/SAFETY_CKT_GEN.RSTA_SHFT_REG_reg[2]'
INFO: [Synth 8-3886] merging instance 'U0/inst_blk_mem_gen/gnbram.gnativebmg.native_blk_mem_gen/valid.cstr/ramloop[6].ram.r/SAFETY_CKT_GEN.RSTA_SHFT_REG_reg[2]' (FD) to 'U0/inst_blk_mem_gen/gnbram.gnativebmg.native_blk_mem_gen/valid.cstr/ramloop[13].ram.r/SAFETY_CKT_GEN.RSTA_SHFT_REG_reg[2]'
INFO: [Synth 8-3886] merging instance 'U0/inst_blk_mem_gen/gnbram.gnativebmg.native_blk_mem_gen/valid.cstr/ramloop[7].ram.r/SAFETY_CKT_GEN.RSTA_SHFT_REG_reg[2]' (FD) to 'U0/inst_blk_mem_gen/gnbram.gnativebmg.native_blk_mem_gen/valid.cstr/ramloop[13].ram.r/SAFETY_CKT_GEN.RSTA_SHFT_REG_reg[2]'
INFO: [Synth 8-3886] merging instance 'U0/inst_blk_mem_gen/gnbram.gnativebmg.native_blk_mem_gen/valid.cstr/ramloop[8].ram.r/SAFETY_CKT_GEN.RSTA_SHFT_REG_reg[2]' (FD) to 'U0/inst_blk_mem_gen/gnbram.gnativebmg.native_blk_mem_gen/valid.cstr/ramloop[13].ram.r/SAFETY_CKT_GEN.RSTA_SHFT_REG_reg[2]'
INFO: [Synth 8-3886] merging instance 'U0/inst_blk_mem_gen/gnbram.gnativebmg.native_blk_mem_gen/valid.cstr/ramloop[9].ram.r/SAFETY_CKT_GEN.RSTA_SHFT_REG_reg[2]' (FD) to 'U0/inst_blk_mem_gen/gnbram.gnativebmg.native_blk_mem_gen/valid.cstr/ramloop[13].ram.r/SAFETY_CKT_GEN.RSTA_SHFT_REG_reg[2]'
INFO: [Synth 8-3886] merging instance 'U0/inst_blk_mem_gen/gnbram.gnativebmg.native_blk_mem_gen/valid.cstr/ramloop[10].ram.r/SAFETY_CKT_GEN.RSTA_SHFT_REG_reg[2]' (FD) to 'U0/inst_blk_mem_gen/gnbram.gnativebmg.native_blk_mem_gen/valid.cstr/ramloop[13].ram.r/SAFETY_CKT_GEN.RSTA_SHFT_REG_reg[2]'
INFO: [Synth 8-3886] merging instance 'U0/inst_blk_mem_gen/gnbram.gnativebmg.native_blk_mem_gen/valid.cstr/ramloop[11].ram.r/SAFETY_CKT_GEN.RSTA_SHFT_REG_reg[2]' (FD) to 'U0/inst_blk_mem_gen/gnbram.gnativebmg.native_blk_mem_gen/valid.cstr/ramloop[13].ram.r/SAFETY_CKT_GEN.RSTA_SHFT_REG_reg[2]'
INFO: [Synth 8-3886] merging instance 'U0/inst_blk_mem_gen/gnbram.gnativebmg.native_blk_mem_gen/valid.cstr/ramloop[12].ram.r/SAFETY_CKT_GEN.RSTA_SHFT_REG_reg[2]' (FD) to 'U0/inst_blk_mem_gen/gnbram.gnativebmg.native_blk_mem_gen/valid.cstr/ramloop[13].ram.r/SAFETY_CKT_GEN.RSTA_SHFT_REG_reg[2]'
INFO: [Synth 8-3886] merging instance 'U0/inst_blk_mem_gen/gnbram.gnativebmg.native_blk_mem_gen/valid.cstr/ramloop[13].ram.r/SAFETY_CKT_GEN.RSTA_SHFT_REG_reg[2]' (FD) to 'U0/inst_blk_mem_gen/gnbram.gnativebmg.native_blk_mem_gen/valid.cstr/ramloop[14].ram.r/SAFETY_CKT_GEN.RSTA_SHFT_REG_reg[2]'
INFO: [Synth 8-3886] merging instance 'U0/inst_blk_mem_gen/gnbram.gnativebmg.native_blk_mem_gen/valid.cstr/ramloop[0].ram.r/SAFETY_CKT_GEN.RSTA_SHFT_REG_reg[3]' (FD) to 'U0/inst_blk_mem_gen/gnbram.gnativebmg.native_blk_mem_gen/valid.cstr/ramloop[13].ram.r/SAFETY_CKT_GEN.RSTA_SHFT_REG_reg[3]'
INFO: [Synth 8-3886] merging instance 'U0/inst_blk_mem_gen/gnbram.gnativebmg.native_blk_mem_gen/valid.cstr/ramloop[1].ram.r/SAFETY_CKT_GEN.RSTA_SHFT_REG_reg[3]' (FD) to 'U0/inst_blk_mem_gen/gnbram.gnativebmg.native_blk_mem_gen/valid.cstr/ramloop[13].ram.r/SAFETY_CKT_GEN.RSTA_SHFT_REG_reg[3]'
INFO: [Synth 8-3886] merging instance 'U0/inst_blk_mem_gen/gnbram.gnativebmg.native_blk_mem_gen/valid.cstr/ramloop[2].ram.r/SAFETY_CKT_GEN.RSTA_SHFT_REG_reg[3]' (FD) to 'U0/inst_blk_mem_gen/gnbram.gnativebmg.native_blk_mem_gen/valid.cstr/ramloop[13].ram.r/SAFETY_CKT_GEN.RSTA_SHFT_REG_reg[3]'
INFO: [Synth 8-3886] merging instance 'U0/inst_blk_mem_gen/gnbram.gnativebmg.native_blk_mem_gen/valid.cstr/ramloop[3].ram.r/SAFETY_CKT_GEN.RSTA_SHFT_REG_reg[3]' (FD) to 'U0/inst_blk_mem_gen/gnbram.gnativebmg.native_blk_mem_gen/valid.cstr/ramloop[13].ram.r/SAFETY_CKT_GEN.RSTA_SHFT_REG_reg[3]'
INFO: [Synth 8-3886] merging instance 'U0/inst_blk_mem_gen/gnbram.gnativebmg.native_blk_mem_gen/valid.cstr/ramloop[4].ram.r/SAFETY_CKT_GEN.RSTA_SHFT_REG_reg[3]' (FD) to 'U0/inst_blk_mem_gen/gnbram.gnativebmg.native_blk_mem_gen/valid.cstr/ramloop[13].ram.r/SAFETY_CKT_GEN.RSTA_SHFT_REG_reg[3]'
INFO: [Synth 8-3886] merging instance 'U0/inst_blk_mem_gen/gnbram.gnativebmg.native_blk_mem_gen/valid.cstr/ramloop[5].ram.r/SAFETY_CKT_GEN.RSTA_SHFT_REG_reg[3]' (FD) to 'U0/inst_blk_mem_gen/gnbram.gnativebmg.native_blk_mem_gen/valid.cstr/ramloop[13].ram.r/SAFETY_CKT_GEN.RSTA_SHFT_REG_reg[3]'
INFO: [Synth 8-3886] merging instance 'U0/inst_blk_mem_gen/gnbram.gnativebmg.native_blk_mem_gen/valid.cstr/ramloop[6].ram.r/SAFETY_CKT_GEN.RSTA_SHFT_REG_reg[3]' (FD) to 'U0/inst_blk_mem_gen/gnbram.gnativebmg.native_blk_mem_gen/valid.cstr/ramloop[13].ram.r/SAFETY_CKT_GEN.RSTA_SHFT_REG_reg[3]'
INFO: [Synth 8-3886] merging instance 'U0/inst_blk_mem_gen/gnbram.gnativebmg.native_blk_mem_gen/valid.cstr/ramloop[7].ram.r/SAFETY_CKT_GEN.RSTA_SHFT_REG_reg[3]' (FD) to 'U0/inst_blk_mem_gen/gnbram.gnativebmg.native_blk_mem_gen/valid.cstr/ramloop[13].ram.r/SAFETY_CKT_GEN.RSTA_SHFT_REG_reg[3]'
INFO: [Synth 8-3886] merging instance 'U0/inst_blk_mem_gen/gnbram.gnativebmg.native_blk_mem_gen/valid.cstr/ramloop[8].ram.r/SAFETY_CKT_GEN.RSTA_SHFT_REG_reg[3]' (FD) to 'U0/inst_blk_mem_gen/gnbram.gnativebmg.native_blk_mem_gen/valid.cstr/ramloop[13].ram.r/SAFETY_CKT_GEN.RSTA_SHFT_REG_reg[3]'
INFO: [Synth 8-3886] merging instance 'U0/inst_blk_mem_gen/gnbram.gnativebmg.native_blk_mem_gen/valid.cstr/ramloop[9].ram.r/SAFETY_CKT_GEN.RSTA_SHFT_REG_reg[3]' (FD) to 'U0/inst_blk_mem_gen/gnbram.gnativebmg.native_blk_mem_gen/valid.cstr/ramloop[13].ram.r/SAFETY_CKT_GEN.RSTA_SHFT_REG_reg[3]'
INFO: [Synth 8-3886] merging instance 'U0/inst_blk_mem_gen/gnbram.gnativebmg.native_blk_mem_gen/valid.cstr/ramloop[10].ram.r/SAFETY_CKT_GEN.RSTA_SHFT_REG_reg[3]' (FD) to 'U0/inst_blk_mem_gen/gnbram.gnativebmg.native_blk_mem_gen/valid.cstr/ramloop[13].ram.r/SAFETY_CKT_GEN.RSTA_SHFT_REG_reg[3]'
INFO: [Synth 8-3886] merging instance 'U0/inst_blk_mem_gen/gnbram.gnativebmg.native_blk_mem_gen/valid.cstr/ramloop[11].ram.r/SAFETY_CKT_GEN.RSTA_SHFT_REG_reg[3]' (FD) to 'U0/inst_blk_mem_gen/gnbram.gnativebmg.native_blk_mem_gen/valid.cstr/ramloop[13].ram.r/SAFETY_CKT_GEN.RSTA_SHFT_REG_reg[3]'
INFO: [Synth 8-3886] merging instance 'U0/inst_blk_mem_gen/gnbram.gnativebmg.native_blk_mem_gen/valid.cstr/ramloop[12].ram.r/SAFETY_CKT_GEN.RSTA_SHFT_REG_reg[3]' (FD) to 'U0/inst_blk_mem_gen/gnbram.gnativebmg.native_blk_mem_gen/valid.cstr/ramloop[13].ram.r/SAFETY_CKT_GEN.RSTA_SHFT_REG_reg[3]'
INFO: [Synth 8-3886] merging instance 'U0/inst_blk_mem_gen/gnbram.gnativebmg.native_blk_mem_gen/valid.cstr/ramloop[13].ram.r/SAFETY_CKT_GEN.RSTA_SHFT_REG_reg[3]' (FD) to 'U0/inst_blk_mem_gen/gnbram.gnativebmg.native_blk_mem_gen/valid.cstr/ramloop[14].ram.r/SAFETY_CKT_GEN.RSTA_SHFT_REG_reg[3]'
INFO: [Synth 8-3886] merging instance 'U0/inst_blk_mem_gen/gnbram.gnativebmg.native_blk_mem_gen/valid.cstr/ramloop[0].ram.r/SAFETY_CKT_GEN.RSTA_SHFT_REG_reg[4]' (FD) to 'U0/inst_blk_mem_gen/gnbram.gnativebmg.native_blk_mem_gen/valid.cstr/ramloop[13].ram.r/SAFETY_CKT_GEN.RSTA_SHFT_REG_reg[4]'
INFO: [Synth 8-3886] merging instance 'U0/inst_blk_mem_gen/gnbram.gnativebmg.native_blk_mem_gen/valid.cstr/ramloop[1].ram.r/SAFETY_CKT_GEN.RSTA_SHFT_REG_reg[4]' (FD) to 'U0/inst_blk_mem_gen/gnbram.gnativebmg.native_blk_mem_gen/valid.cstr/ramloop[13].ram.r/SAFETY_CKT_GEN.RSTA_SHFT_REG_reg[4]'
INFO: [Synth 8-3886] merging instance 'U0/inst_blk_mem_gen/gnbram.gnativebmg.native_blk_mem_gen/valid.cstr/ramloop[2].ram.r/SAFETY_CKT_GEN.RSTA_SHFT_REG_reg[4]' (FD) to 'U0/inst_blk_mem_gen/gnbram.gnativebmg.native_blk_mem_gen/valid.cstr/ramloop[13].ram.r/SAFETY_CKT_GEN.RSTA_SHFT_REG_reg[4]'
INFO: [Synth 8-3886] merging instance 'U0/inst_blk_mem_gen/gnbram.gnativebmg.native_blk_mem_gen/valid.cstr/ramloop[3].ram.r/SAFETY_CKT_GEN.RSTA_SHFT_REG_reg[4]' (FD) to 'U0/inst_blk_mem_gen/gnbram.gnativebmg.native_blk_mem_gen/valid.cstr/ramloop[13].ram.r/SAFETY_CKT_GEN.RSTA_SHFT_REG_reg[4]'
INFO: [Synth 8-3886] merging instance 'U0/inst_blk_mem_gen/gnbram.gnativebmg.native_blk_mem_gen/valid.cstr/ramloop[4].ram.r/SAFETY_CKT_GEN.RSTA_SHFT_REG_reg[4]' (FD) to 'U0/inst_blk_mem_gen/gnbram.gnativebmg.native_blk_mem_gen/valid.cstr/ramloop[13].ram.r/SAFETY_CKT_GEN.RSTA_SHFT_REG_reg[4]'
INFO: [Synth 8-3886] merging instance 'U0/inst_blk_mem_gen/gnbram.gnativebmg.native_blk_mem_gen/valid.cstr/ramloop[5].ram.r/SAFETY_CKT_GEN.RSTA_SHFT_REG_reg[4]' (FD) to 'U0/inst_blk_mem_gen/gnbram.gnativebmg.native_blk_mem_gen/valid.cstr/ramloop[13].ram.r/SAFETY_CKT_GEN.RSTA_SHFT_REG_reg[4]'
INFO: [Synth 8-3886] merging instance 'U0/inst_blk_mem_gen/gnbram.gnativebmg.native_blk_mem_gen/valid.cstr/ramloop[6].ram.r/SAFETY_CKT_GEN.RSTA_SHFT_REG_reg[4]' (FD) to 'U0/inst_blk_mem_gen/gnbram.gnativebmg.native_blk_mem_gen/valid.cstr/ramloop[13].ram.r/SAFETY_CKT_GEN.RSTA_SHFT_REG_reg[4]'
INFO: [Synth 8-3886] merging instance 'U0/inst_blk_mem_gen/gnbram.gnativebmg.native_blk_mem_gen/valid.cstr/ramloop[7].ram.r/SAFETY_CKT_GEN.RSTA_SHFT_REG_reg[4]' (FD) to 'U0/inst_blk_mem_gen/gnbram.gnativebmg.native_blk_mem_gen/valid.cstr/ramloop[13].ram.r/SAFETY_CKT_GEN.RSTA_SHFT_REG_reg[4]'
INFO: [Synth 8-3886] merging instance 'U0/inst_blk_mem_gen/gnbram.gnativebmg.native_blk_mem_gen/valid.cstr/ramloop[8].ram.r/SAFETY_CKT_GEN.RSTA_SHFT_REG_reg[4]' (FD) to 'U0/inst_blk_mem_gen/gnbram.gnativebmg.native_blk_mem_gen/valid.cstr/ramloop[13].ram.r/SAFETY_CKT_GEN.RSTA_SHFT_REG_reg[4]'
INFO: [Synth 8-3886] merging instance 'U0/inst_blk_mem_gen/gnbram.gnativebmg.native_blk_mem_gen/valid.cstr/ramloop[9].ram.r/SAFETY_CKT_GEN.RSTA_SHFT_REG_reg[4]' (FD) to 'U0/inst_blk_mem_gen/gnbram.gnativebmg.native_blk_mem_gen/valid.cstr/ramloop[13].ram.r/SAFETY_CKT_GEN.RSTA_SHFT_REG_reg[4]'
INFO: [Synth 8-3886] merging instance 'U0/inst_blk_mem_gen/gnbram.gnativebmg.native_blk_mem_gen/valid.cstr/ramloop[10].ram.r/SAFETY_CKT_GEN.RSTA_SHFT_REG_reg[4]' (FD) to 'U0/inst_blk_mem_gen/gnbram.gnativebmg.native_blk_mem_gen/valid.cstr/ramloop[13].ram.r/SAFETY_CKT_GEN.RSTA_SHFT_REG_reg[4]'
INFO: [Synth 8-3886] merging instance 'U0/inst_blk_mem_gen/gnbram.gnativebmg.native_blk_mem_gen/valid.cstr/ramloop[11].ram.r/SAFETY_CKT_GEN.RSTA_SHFT_REG_reg[4]' (FD) to 'U0/inst_blk_mem_gen/gnbram.gnativebmg.native_blk_mem_gen/valid.cstr/ramloop[13].ram.r/SAFETY_CKT_GEN.RSTA_SHFT_REG_reg[4]'
INFO: [Synth 8-3886] merging instance 'U0/inst_blk_mem_gen/gnbram.gnativebmg.native_blk_mem_gen/valid.cstr/ramloop[12].ram.r/SAFETY_CKT_GEN.RSTA_SHFT_REG_reg[4]' (FD) to 'U0/inst_blk_mem_gen/gnbram.gnativebmg.native_blk_mem_gen/valid.cstr/ramloop[13].ram.r/SAFETY_CKT_GEN.RSTA_SHFT_REG_reg[4]'
INFO: [Synth 8-3886] merging instance 'U0/inst_blk_mem_gen/gnbram.gnativebmg.native_blk_mem_gen/valid.cstr/ramloop[13].ram.r/SAFETY_CKT_GEN.RSTA_SHFT_REG_reg[4]' (FD) to 'U0/inst_blk_mem_gen/gnbram.gnativebmg.native_blk_mem_gen/valid.cstr/ramloop[14].ram.r/SAFETY_CKT_GEN.RSTA_SHFT_REG_reg[4]'
---------------------------------------------------------------------------------
Finished Cross Boundary and Area Optimization : Time (s): cpu = 00:02:31 ; elapsed = 00:02:37 . Memory (MB): peak = 814.367 ; gain = 510.586
---------------------------------------------------------------------------------

Report RTL Partitions: 
+-+--------------+------------+----------+
| |RTL Partition |Replication |Instances |
+-+--------------+------------+----------+
+-+--------------+------------+----------+
---------------------------------------------------------------------------------
Start Applying XDC Timing Constraints
---------------------------------------------------------------------------------
---------------------------------------------------------------------------------
Finished Applying XDC Timing Constraints : Time (s): cpu = 00:02:43 ; elapsed = 00:02:50 . Memory (MB): peak = 814.367 ; gain = 510.586
---------------------------------------------------------------------------------
---------------------------------------------------------------------------------
Start Timing Optimization
---------------------------------------------------------------------------------
---------------------------------------------------------------------------------
Finished Timing Optimization : Time (s): cpu = 00:02:43 ; elapsed = 00:02:50 . Memory (MB): peak = 818.711 ; gain = 514.930
---------------------------------------------------------------------------------

Report RTL Partitions: 
+-+--------------+------------+----------+
| |RTL Partition |Replication |Instances |
+-+--------------+------------+----------+
+-+--------------+------------+----------+
---------------------------------------------------------------------------------
Start Technology Mapping
---------------------------------------------------------------------------------
INFO: [Synth 8-3886] merging instance 'U0/inst_blk_mem_gen/gnbram.gnativebmg.native_blk_mem_gen/valid.cstr/ramloop[0].ram.r/SAFETY_CKT_GEN.POR_A_reg' (FD) to 'U0/inst_blk_mem_gen/gnbram.gnativebmg.native_blk_mem_gen/valid.cstr/ramloop[12].ram.r/SAFETY_CKT_GEN.POR_A_reg'
INFO: [Synth 8-3886] merging instance 'U0/inst_blk_mem_gen/gnbram.gnativebmg.native_blk_mem_gen/valid.cstr/ramloop[1].ram.r/SAFETY_CKT_GEN.POR_A_reg' (FD) to 'U0/inst_blk_mem_gen/gnbram.gnativebmg.native_blk_mem_gen/valid.cstr/ramloop[12].ram.r/SAFETY_CKT_GEN.POR_A_reg'
INFO: [Synth 8-3886] merging instance 'U0/inst_blk_mem_gen/gnbram.gnativebmg.native_blk_mem_gen/valid.cstr/ramloop[2].ram.r/SAFETY_CKT_GEN.POR_A_reg' (FD) to 'U0/inst_blk_mem_gen/gnbram.gnativebmg.native_blk_mem_gen/valid.cstr/ramloop[12].ram.r/SAFETY_CKT_GEN.POR_A_reg'
INFO: [Synth 8-3886] merging instance 'U0/inst_blk_mem_gen/gnbram.gnativebmg.native_blk_mem_gen/valid.cstr/ramloop[3].ram.r/SAFETY_CKT_GEN.POR_A_reg' (FD) to 'U0/inst_blk_mem_gen/gnbram.gnativebmg.native_blk_mem_gen/valid.cstr/ramloop[12].ram.r/SAFETY_CKT_GEN.POR_A_reg'
INFO: [Synth 8-3886] merging instance 'U0/inst_blk_mem_gen/gnbram.gnativebmg.native_blk_mem_gen/valid.cstr/ramloop[4].ram.r/SAFETY_CKT_GEN.POR_A_reg' (FD) to 'U0/inst_blk_mem_gen/gnbram.gnativebmg.native_blk_mem_gen/valid.cstr/ramloop[12].ram.r/SAFETY_CKT_GEN.POR_A_reg'
INFO: [Synth 8-3886] merging instance 'U0/inst_blk_mem_gen/gnbram.gnativebmg.native_blk_mem_gen/valid.cstr/ramloop[5].ram.r/SAFETY_CKT_GEN.POR_A_reg' (FD) to 'U0/inst_blk_mem_gen/gnbram.gnativebmg.native_blk_mem_gen/valid.cstr/ramloop[12].ram.r/SAFETY_CKT_GEN.POR_A_reg'
INFO: [Synth 8-3886] merging instance 'U0/inst_blk_mem_gen/gnbram.gnativebmg.native_blk_mem_gen/valid.cstr/ramloop[6].ram.r/SAFETY_CKT_GEN.POR_A_reg' (FD) to 'U0/inst_blk_mem_gen/gnbram.gnativebmg.native_blk_mem_gen/valid.cstr/ramloop[12].ram.r/SAFETY_CKT_GEN.POR_A_reg'
INFO: [Synth 8-3886] merging instance 'U0/inst_blk_mem_gen/gnbram.gnativebmg.native_blk_mem_gen/valid.cstr/ramloop[7].ram.r/SAFETY_CKT_GEN.POR_A_reg' (FD) to 'U0/inst_blk_mem_gen/gnbram.gnativebmg.native_blk_mem_gen/valid.cstr/ramloop[12].ram.r/SAFETY_CKT_GEN.POR_A_reg'
INFO: [Synth 8-3886] merging instance 'U0/inst_blk_mem_gen/gnbram.gnativebmg.native_blk_mem_gen/valid.cstr/ramloop[8].ram.r/SAFETY_CKT_GEN.POR_A_reg' (FD) to 'U0/inst_blk_mem_gen/gnbram.gnativebmg.native_blk_mem_gen/valid.cstr/ramloop[12].ram.r/SAFETY_CKT_GEN.POR_A_reg'
INFO: [Synth 8-3886] merging instance 'U0/inst_blk_mem_gen/gnbram.gnativebmg.native_blk_mem_gen/valid.cstr/ramloop[9].ram.r/SAFETY_CKT_GEN.POR_A_reg' (FD) to 'U0/inst_blk_mem_gen/gnbram.gnativebmg.native_blk_mem_gen/valid.cstr/ramloop[12].ram.r/SAFETY_CKT_GEN.POR_A_reg'
INFO: [Synth 8-3886] merging instance 'U0/inst_blk_mem_gen/gnbram.gnativebmg.native_blk_mem_gen/valid.cstr/ramloop[10].ram.r/SAFETY_CKT_GEN.POR_A_reg' (FD) to 'U0/inst_blk_mem_gen/gnbram.gnativebmg.native_blk_mem_gen/valid.cstr/ramloop[12].ram.r/SAFETY_CKT_GEN.POR_A_reg'
INFO: [Synth 8-3886] merging instance 'U0/inst_blk_mem_gen/gnbram.gnativebmg.native_blk_mem_gen/valid.cstr/ramloop[11].ram.r/SAFETY_CKT_GEN.POR_A_reg' (FD) to 'U0/inst_blk_mem_gen/gnbram.gnativebmg.native_blk_mem_gen/valid.cstr/ramloop[12].ram.r/SAFETY_CKT_GEN.POR_A_reg'
INFO: [Synth 8-3886] merging instance 'U0/inst_blk_mem_gen/gnbram.gnativebmg.native_blk_mem_gen/valid.cstr/ramloop[12].ram.r/SAFETY_CKT_GEN.POR_A_reg' (FD) to 'U0/inst_blk_mem_gen/gnbram.gnativebmg.native_blk_mem_gen/valid.cstr/ramloop[13].ram.r/SAFETY_CKT_GEN.POR_A_reg'
INFO: [Synth 8-3886] merging instance 'U0/inst_blk_mem_gen/gnbram.gnativebmg.native_blk_mem_gen/valid.cstr/ramloop[13].ram.r/SAFETY_CKT_GEN.POR_A_reg' (FD) to 'U0/inst_blk_mem_gen/gnbram.gnativebmg.native_blk_mem_gen/valid.cstr/ramloop[14].ram.r/SAFETY_CKT_GEN.POR_A_reg'
INFO: [Synth 8-3886] merging instance 'U0/inst_blk_mem_gen/gnbram.gnativebmg.native_blk_mem_gen/valid.cstr/ramloop[5].ram.r/SAFETY_CKT_GEN.ENA_WITH_REG.ENA_dly_reg_reg' (FDS) to 'U0/inst_blk_mem_gen/gnbram.gnativebmg.native_blk_mem_gen/valid.cstr/ramloop[14].ram.r/SAFETY_CKT_GEN.ENA_WITH_REG.ENA_dly_reg_reg'
INFO: [Synth 8-3886] merging instance 'U0/inst_blk_mem_gen/gnbram.gnativebmg.native_blk_mem_gen/valid.cstr/ramloop[6].ram.r/SAFETY_CKT_GEN.ENA_WITH_REG.ENA_dly_reg_reg' (FDS) to 'U0/inst_blk_mem_gen/gnbram.gnativebmg.native_blk_mem_gen/valid.cstr/ramloop[14].ram.r/SAFETY_CKT_GEN.ENA_WITH_REG.ENA_dly_reg_reg'
INFO: [Synth 8-3886] merging instance 'U0/inst_blk_mem_gen/gnbram.gnativebmg.native_blk_mem_gen/valid.cstr/ramloop[7].ram.r/SAFETY_CKT_GEN.ENA_WITH_REG.ENA_dly_reg_reg' (FDS) to 'U0/inst_blk_mem_gen/gnbram.gnativebmg.native_blk_mem_gen/valid.cstr/ramloop[14].ram.r/SAFETY_CKT_GEN.ENA_WITH_REG.ENA_dly_reg_reg'
INFO: [Synth 8-3886] merging instance 'U0/inst_blk_mem_gen/gnbram.gnativebmg.native_blk_mem_gen/valid.cstr/ramloop[8].ram.r/SAFETY_CKT_GEN.ENA_WITH_REG.ENA_dly_reg_reg' (FDS) to 'U0/inst_blk_mem_gen/gnbram.gnativebmg.native_blk_mem_gen/valid.cstr/ramloop[14].ram.r/SAFETY_CKT_GEN.ENA_WITH_REG.ENA_dly_reg_reg'
INFO: [Synth 8-3886] merging instance 'U0/inst_blk_mem_gen/gnbram.gnativebmg.native_blk_mem_gen/valid.cstr/ramloop[3].ram.r/SAFETY_CKT_GEN.ENA_WITH_REG.ENA_dly_reg_reg' (FDS) to 'U0/inst_blk_mem_gen/gnbram.gnativebmg.native_blk_mem_gen/valid.cstr/ramloop[14].ram.r/SAFETY_CKT_GEN.ENA_WITH_REG.ENA_dly_reg_reg'
INFO: [Synth 8-3886] merging instance 'U0/inst_blk_mem_gen/gnbram.gnativebmg.native_blk_mem_gen/valid.cstr/ramloop[4].ram.r/SAFETY_CKT_GEN.ENA_WITH_REG.ENA_dly_reg_reg' (FDS) to 'U0/inst_blk_mem_gen/gnbram.gnativebmg.native_blk_mem_gen/valid.cstr/ramloop[14].ram.r/SAFETY_CKT_GEN.ENA_WITH_REG.ENA_dly_reg_reg'
INFO: [Synth 8-3886] merging instance 'U0/inst_blk_mem_gen/gnbram.gnativebmg.native_blk_mem_gen/valid.cstr/ramloop[11].ram.r/SAFETY_CKT_GEN.ENA_WITH_REG.ENA_dly_reg_reg' (FDS) to 'U0/inst_blk_mem_gen/gnbram.gnativebmg.native_blk_mem_gen/valid.cstr/ramloop[14].ram.r/SAFETY_CKT_GEN.ENA_WITH_REG.ENA_dly_reg_reg'
INFO: [Synth 8-3886] merging instance 'U0/inst_blk_mem_gen/gnbram.gnativebmg.native_blk_mem_gen/valid.cstr/ramloop[12].ram.r/SAFETY_CKT_GEN.ENA_WITH_REG.ENA_dly_reg_reg' (FDS) to 'U0/inst_blk_mem_gen/gnbram.gnativebmg.native_blk_mem_gen/valid.cstr/ramloop[14].ram.r/SAFETY_CKT_GEN.ENA_WITH_REG.ENA_dly_reg_reg'
INFO: [Synth 8-3886] merging instance 'U0/inst_blk_mem_gen/gnbram.gnativebmg.native_blk_mem_gen/valid.cstr/ramloop[13].ram.r/SAFETY_CKT_GEN.ENA_WITH_REG.ENA_dly_reg_reg' (FDS) to 'U0/inst_blk_mem_gen/gnbram.gnativebmg.native_blk_mem_gen/valid.cstr/ramloop[14].ram.r/SAFETY_CKT_GEN.ENA_WITH_REG.ENA_dly_reg_reg'
INFO: [Synth 8-3886] merging instance 'U0/inst_blk_mem_gen/gnbram.gnativebmg.native_blk_mem_gen/valid.cstr/ramloop[14].ram.r/SAFETY_CKT_GEN.ENA_WITH_REG.ENA_dly_reg_reg' (FDS) to 'U0/inst_blk_mem_gen/gnbram.gnativebmg.native_blk_mem_gen/valid.cstr/ramloop[10].ram.r/SAFETY_CKT_GEN.ENA_WITH_REG.ENA_dly_reg_reg'
INFO: [Synth 8-3886] merging instance 'U0/inst_blk_mem_gen/gnbram.gnativebmg.native_blk_mem_gen/valid.cstr/ramloop[9].ram.r/SAFETY_CKT_GEN.ENA_WITH_REG.ENA_dly_reg_reg' (FDS) to 'U0/inst_blk_mem_gen/gnbram.gnativebmg.native_blk_mem_gen/valid.cstr/ramloop[10].ram.r/SAFETY_CKT_GEN.ENA_WITH_REG.ENA_dly_reg_reg'
INFO: [Synth 8-3886] merging instance 'U0/inst_blk_mem_gen/gnbram.gnativebmg.native_blk_mem_gen/valid.cstr/ramloop[10].ram.r/SAFETY_CKT_GEN.ENA_WITH_REG.ENA_dly_reg_reg' (FDS) to 'U0/inst_blk_mem_gen/gnbram.gnativebmg.native_blk_mem_gen/valid.cstr/ramloop[2].ram.r/SAFETY_CKT_GEN.ENA_WITH_REG.ENA_dly_reg_reg'
INFO: [Synth 8-3886] merging instance 'U0/inst_blk_mem_gen/gnbram.gnativebmg.native_blk_mem_gen/valid.cstr/ramloop[1].ram.r/SAFETY_CKT_GEN.ENA_WITH_REG.ENA_dly_reg_reg' (FDS) to 'U0/inst_blk_mem_gen/gnbram.gnativebmg.native_blk_mem_gen/valid.cstr/ramloop[2].ram.r/SAFETY_CKT_GEN.ENA_WITH_REG.ENA_dly_reg_reg'
INFO: [Synth 8-3886] merging instance 'U0/inst_blk_mem_gen/gnbram.gnativebmg.native_blk_mem_gen/valid.cstr/ramloop[2].ram.r/SAFETY_CKT_GEN.ENA_WITH_REG.ENA_dly_reg_reg' (FDS) to 'U0/inst_blk_mem_gen/gnbram.gnativebmg.native_blk_mem_gen/valid.cstr/ramloop[0].ram.r/SAFETY_CKT_GEN.ENA_WITH_REG.ENA_dly_reg_reg'
INFO: [Synth 8-3886] merging instance 'U0/inst_blk_mem_gen/gnbram.gnativebmg.native_blk_mem_gen/valid.cstr/ramloop[0].ram.r/SAFETY_CKT_GEN.ENA_WITH_REG.ENA_dly_reg_D_reg' (FD) to 'U0/inst_blk_mem_gen/gnbram.gnativebmg.native_blk_mem_gen/valid.cstr/ramloop[2].ram.r/SAFETY_CKT_GEN.ENA_WITH_REG.ENA_dly_reg_D_reg'
INFO: [Synth 8-3886] merging instance 'U0/inst_blk_mem_gen/gnbram.gnativebmg.native_blk_mem_gen/valid.cstr/ramloop[1].ram.r/SAFETY_CKT_GEN.ENA_WITH_REG.ENA_dly_reg_D_reg' (FD) to 'U0/inst_blk_mem_gen/gnbram.gnativebmg.native_blk_mem_gen/valid.cstr/ramloop[2].ram.r/SAFETY_CKT_GEN.ENA_WITH_REG.ENA_dly_reg_D_reg'
INFO: [Common 17-14] Message 'Synth 8-3886' appears 100 times and further instances of the messages will be disabled. Use the Tcl command set_msg_config to change the current settings.
---------------------------------------------------------------------------------
Finished Technology Mapping : Time (s): cpu = 00:02:43 ; elapsed = 00:02:50 . Memory (MB): peak = 829.262 ; gain = 525.480
---------------------------------------------------------------------------------

Report RTL Partitions: 
+-+--------------+------------+----------+
| |RTL Partition |Replication |Instances |
+-+--------------+------------+----------+
+-+--------------+------------+----------+
---------------------------------------------------------------------------------
Start IO Insertion
---------------------------------------------------------------------------------
---------------------------------------------------------------------------------
Start Flattening Before IO Insertion
---------------------------------------------------------------------------------
---------------------------------------------------------------------------------
Finished Flattening Before IO Insertion
---------------------------------------------------------------------------------
---------------------------------------------------------------------------------
Start Final Netlist Cleanup
---------------------------------------------------------------------------------
---------------------------------------------------------------------------------
Finished Final Netlist Cleanup
---------------------------------------------------------------------------------
---------------------------------------------------------------------------------
Finished IO Insertion : Time (s): cpu = 00:02:45 ; elapsed = 00:02:51 . Memory (MB): peak = 829.262 ; gain = 525.480
---------------------------------------------------------------------------------

Report Check Netlist: 
+------+------------------+-------+---------+-------+------------------+
|      |Item              |Errors |Warnings |Status |Description       |
+------+------------------+-------+---------+-------+------------------+
|1     |multi_driven_nets |      0|        0|Passed |Multi driven nets |
+------+------------------+-------+---------+-------+------------------+
---------------------------------------------------------------------------------
Start Renaming Generated Instances
---------------------------------------------------------------------------------
---------------------------------------------------------------------------------
Finished Renaming Generated Instances : Time (s): cpu = 00:02:45 ; elapsed = 00:02:51 . Memory (MB): peak = 829.262 ; gain = 525.480
---------------------------------------------------------------------------------

Report RTL Partitions: 
+-+--------------+------------+----------+
| |RTL Partition |Replication |Instances |
+-+--------------+------------+----------+
+-+--------------+------------+----------+
---------------------------------------------------------------------------------
Start Rebuilding User Hierarchy
---------------------------------------------------------------------------------
---------------------------------------------------------------------------------
Finished Rebuilding User Hierarchy : Time (s): cpu = 00:02:45 ; elapsed = 00:02:51 . Memory (MB): peak = 829.262 ; gain = 525.480
---------------------------------------------------------------------------------
---------------------------------------------------------------------------------
Start Renaming Generated Ports
---------------------------------------------------------------------------------
---------------------------------------------------------------------------------
Finished Renaming Generated Ports : Time (s): cpu = 00:02:45 ; elapsed = 00:02:51 . Memory (MB): peak = 829.262 ; gain = 525.480
---------------------------------------------------------------------------------
---------------------------------------------------------------------------------
Start Handling Custom Attributes
---------------------------------------------------------------------------------
---------------------------------------------------------------------------------
Finished Handling Custom Attributes : Time (s): cpu = 00:02:45 ; elapsed = 00:02:51 . Memory (MB): peak = 829.262 ; gain = 525.480
---------------------------------------------------------------------------------
---------------------------------------------------------------------------------
Start Renaming Generated Nets
---------------------------------------------------------------------------------
---------------------------------------------------------------------------------
Finished Renaming Generated Nets : Time (s): cpu = 00:02:45 ; elapsed = 00:02:52 . Memory (MB): peak = 829.262 ; gain = 525.480
---------------------------------------------------------------------------------
---------------------------------------------------------------------------------
Start ROM, RAM, DSP and Shift Register Reporting
---------------------------------------------------------------------------------

Static Shift Register Report:
+-------------------+------------------------------------------------------------------------------------------------------------------------+--------+-------+--------------+--------------------+-------------------+--------+---------+
|Module Name        | RTL Name                                                                                                               | Length | Width | Reset Signal | Pull out first Reg | Pull out last Reg | SRL16E | SRLC32E | 
+-------------------+------------------------------------------------------------------------------------------------------------------------+--------+-------+--------------+--------------------+-------------------+--------+---------+
|blk_mem_gen_v8_4_1 | inst_blk_mem_gen/gnbram.gnativebmg.native_blk_mem_gen/valid.cstr/ramloop[14].ram.r/SAFETY_CKT_GEN.RSTA_SHFT_REG_reg[4] | 4      | 1     | NO           | NO                 | YES               | 1      | 0       | 
+-------------------+------------------------------------------------------------------------------------------------------------------------+--------+-------+--------------+--------------------+-------------------+--------+---------+

---------------------------------------------------------------------------------
Finished ROM, RAM, DSP and Shift Register Reporting
---------------------------------------------------------------------------------
---------------------------------------------------------------------------------
Start Writing Synthesis Report
---------------------------------------------------------------------------------

Report BlackBoxes: 
+-+--------------+----------+
| |BlackBox name |Instances |
+-+--------------+----------+
+-+--------------+----------+

Report Cell Usage: 
+------+------------+------+
|      |Cell        |Count |
+------+------------+------+
|1     |LUT2        |     3|
|2     |LUT4        |     1|
|3     |RAMB18E1    |     1|
|4     |RAMB36E1    |     1|
|5     |RAMB36E1_1  |     1|
|6     |RAMB36E1_10 |     1|
|7     |RAMB36E1_11 |     1|
|8     |RAMB36E1_12 |     1|
|9     |RAMB36E1_13 |     1|
|10    |RAMB36E1_2  |     1|
|11    |RAMB36E1_3  |     1|
|12    |RAMB36E1_4  |     1|
|13    |RAMB36E1_5  |     1|
|14    |RAMB36E1_6  |     1|
|15    |RAMB36E1_7  |     1|
|16    |RAMB36E1_8  |     1|
|17    |RAMB36E1_9  |     1|
|18    |SRL16E      |     1|
|19    |FDRE        |     5|
|20    |FDSE        |     1|
+------+------------+------+

Report Instance Areas: 
+------+---------------------------------------------+-----------------------------------------------+------+
|      |Instance                                     |Module                                         |Cells |
+------+---------------------------------------------+-----------------------------------------------+------+
|1     |top                                          |                                               |    26|
|2     |  U0                                         |blk_mem_gen_v8_4_1                             |    26|
|3     |    inst_blk_mem_gen                         |blk_mem_gen_v8_4_1_synth                       |    26|
|4     |      \gnbram.gnativebmg.native_blk_mem_gen  |blk_mem_gen_top                                |    26|
|5     |        \valid.cstr                          |blk_mem_gen_generic_cstr                       |    26|
|6     |          \ramloop[0].ram.r                  |blk_mem_gen_prim_width                         |     3|
|7     |            \prim_init.ram                   |blk_mem_gen_prim_wrapper_init                  |     1|
|8     |          \ramloop[10].ram.r                 |blk_mem_gen_prim_width__parameterized9         |     1|
|9     |            \prim_init.ram                   |blk_mem_gen_prim_wrapper_init__parameterized9  |     1|
|10    |          \ramloop[11].ram.r                 |blk_mem_gen_prim_width__parameterized10        |     1|
|11    |            \prim_init.ram                   |blk_mem_gen_prim_wrapper_init__parameterized10 |     1|
|12    |          \ramloop[12].ram.r                 |blk_mem_gen_prim_width__parameterized11        |     1|
|13    |            \prim_init.ram                   |blk_mem_gen_prim_wrapper_init__parameterized11 |     1|
|14    |          \ramloop[13].ram.r                 |blk_mem_gen_prim_width__parameterized12        |     1|
|15    |            \prim_init.ram                   |blk_mem_gen_prim_wrapper_init__parameterized12 |     1|
|16    |          \ramloop[14].ram.r                 |blk_mem_gen_prim_width__parameterized13        |    10|
|17    |            \prim_init.ram                   |blk_mem_gen_prim_wrapper_init__parameterized13 |     3|
|18    |          \ramloop[1].ram.r                  |blk_mem_gen_prim_width__parameterized0         |     1|
|19    |            \prim_init.ram                   |blk_mem_gen_prim_wrapper_init__parameterized0  |     1|
|20    |          \ramloop[2].ram.r                  |blk_mem_gen_prim_width__parameterized1         |     1|
|21    |            \prim_init.ram                   |blk_mem_gen_prim_wrapper_init__parameterized1  |     1|
|22    |          \ramloop[3].ram.r                  |blk_mem_gen_prim_width__parameterized2         |     1|
|23    |            \prim_init.ram                   |blk_mem_gen_prim_wrapper_init__parameterized2  |     1|
|24    |          \ramloop[4].ram.r                  |blk_mem_gen_prim_width__parameterized3         |     1|
|25    |            \prim_init.ram                   |blk_mem_gen_prim_wrapper_init__parameterized3  |     1|
|26    |          \ramloop[5].ram.r                  |blk_mem_gen_prim_width__parameterized4         |     1|
|27    |            \prim_init.ram                   |blk_mem_gen_prim_wrapper_init__parameterized4  |     1|
|28    |          \ramloop[6].ram.r                  |blk_mem_gen_prim_width__parameterized5         |     1|
|29    |            \prim_init.ram                   |blk_mem_gen_prim_wrapper_init__parameterized5  |     1|
|30    |          \ramloop[7].ram.r                  |blk_mem_gen_prim_width__parameterized6         |     1|
|31    |            \prim_init.ram                   |blk_mem_gen_prim_wrapper_init__parameterized6  |     1|
|32    |          \ramloop[8].ram.r                  |blk_mem_gen_prim_width__parameterized7         |     1|
|33    |            \prim_init.ram                   |blk_mem_gen_prim_wrapper_init__parameterized7  |     1|
|34    |          \ramloop[9].ram.r                  |blk_mem_gen_prim_width__parameterized8         |     1|
|35    |            \prim_init.ram                   |blk_mem_gen_prim_wrapper_init__parameterized8  |     1|
+------+---------------------------------------------+-----------------------------------------------+------+
---------------------------------------------------------------------------------
Finished Writing Synthesis Report : Time (s): cpu = 00:02:45 ; elapsed = 00:02:52 . Memory (MB): peak = 829.262 ; gain = 525.480
---------------------------------------------------------------------------------
Synthesis finished with 0 errors, 0 critical warnings and 389 warnings.
Synthesis Optimization Runtime : Time (s): cpu = 00:00:24 ; elapsed = 00:02:41 . Memory (MB): peak = 829.262 ; gain = 412.941
Synthesis Optimization Complete : Time (s): cpu = 00:02:45 ; elapsed = 00:02:52 . Memory (MB): peak = 829.262 ; gain = 525.480
INFO: [Project 1-571] Translating synthesized netlist
INFO: [Netlist 29-17] Analyzing 15 Unisim elements for replacement
INFO: [Netlist 29-28] Unisim Transformation completed in 0 CPU seconds
INFO: [Project 1-570] Preparing netlist for logic optimization
INFO: [Opt 31-138] Pushed 0 inverter(s) to 0 load pin(s).
INFO: [Project 1-111] Unisim Transformation Summary:
No Unisim elements were transformed.

INFO: [Common 17-83] Releasing license: Synthesis
148 Infos, 100 Warnings, 0 Critical Warnings and 0 Errors encountered.
synth_design completed successfully
synth_design: Time (s): cpu = 00:02:47 ; elapsed = 00:02:55 . Memory (MB): peak = 830.676 ; gain = 538.367
INFO: [Common 17-1381] The checkpoint 'F:/FPGA/p_SYSTEM/p_SYSTEM.runs/blk_mem_gen_0_synth_1/blk_mem_gen_0.dcp' has been generated.
