#-----------------------------------------------------------
# Vivado v2017.4 (64-bit)
# SW Build 2086221 on Fri Dec 15 20:55:39 MST 2017
# IP Build 2085800 on Fri Dec 15 22:25:07 MST 2017
# Start of session at: Wed Nov 27 15:29:21 2019
# Process ID: 10468
# Current directory: F:/FPGA/p_SYSTEM 2.0/p_SYSTEM 2.0
# Command line: vivado.exe -gui_launcher_event rodinguilauncherevent19832 F:\FPGA\p_SYSTEM 2.0\p_SYSTEM 2.0\p_SYSTEM.xpr
# Log file: F:/FPGA/p_SYSTEM 2.0/p_SYSTEM 2.0/vivado.log
# Journal file: F:/FPGA/p_SYSTEM 2.0/p_SYSTEM 2.0\vivado.jou
#-----------------------------------------------------------
start_gui
open_project {F:/FPGA/p_SYSTEM 2.0/p_SYSTEM 2.0/p_SYSTEM.xpr}
Scanning sources...
Finished scanning sources
INFO: [IP_Flow 19-234] Refreshing IP repositories
INFO: [IP_Flow 19-1704] No user IP repositories specified
INFO: [IP_Flow 19-2313] Loaded Vivado IP repository 'E:/Software/Xilinx_Vivado/Vivado/2017.4/data/ip'.
open_project: Time (s): cpu = 00:00:20 ; elapsed = 00:00:11 . Memory (MB): peak = 840.379 ; gain = 143.832
update_compile_order -fileset sources_1
exit
INFO: [Common 17-206] Exiting Vivado at Wed Nov 27 15:50:30 2019...
