#-----------------------------------------------------------
# Vivado v2017.4 (64-bit)
# SW Build 2086221 on Fri Dec 15 20:55:39 MST 2017
# IP Build 2085800 on Fri Dec 15 22:25:07 MST 2017
# Start of session at: Tue Oct 29 20:35:57 2019
# Process ID: 32180
# Current directory: C:/Users/ASUS/Desktop/p_SYSTEM
# Command line: vivado.exe -gui_launcher_event rodinguilauncherevent47052 C:\Users\ASUS\Desktop\p_SYSTEM\p_SYSTEM.xpr
# Log file: C:/Users/ASUS/Desktop/p_SYSTEM/vivado.log
# Journal file: C:/Users/ASUS/Desktop/p_SYSTEM\vivado.jou
#-----------------------------------------------------------
start_gui
open_project C:/Users/ASUS/Desktop/p_SYSTEM/p_SYSTEM.xpr
Scanning sources...
Finished scanning sources
INFO: [IP_Flow 19-234] Refreshing IP repositories
INFO: [IP_Flow 19-1704] No user IP repositories specified
INFO: [IP_Flow 19-2313] Loaded Vivado IP repository 'D:/BaiduNetdiskDownload/vivado/Vivado/2017.4/data/ip'.
open_project: Time (s): cpu = 00:00:35 ; elapsed = 00:00:28 . Memory (MB): peak = 815.910 ; gain = 119.684
update_compile_order -fileset sources_1
exit
INFO: [Common 17-206] Exiting Vivado at Tue Oct 29 21:31:18 2019...
